[2025-06-04 05:28:06 +08:00Z] [INFO] - 开始初始化 node 方法 
[2025-06-04 05:28:18 +08:00Z] [SUCCESS] - Socket Server is running... 
[2025-06-04 05:28:18 +08:00Z] [SUCCESS] - WS 服务初始化成功，连接地址：ws://localhost:9000 
[2025-06-04 05:28:20 +08:00Z] [SUCCESS] - Node Serve is running at http://localhost:8080. 
[2025-06-04 05:28:20 +08:00Z] [INFO] - 连接数据库成功！ 
[2025-06-04 05:29:31 +08:00Z] [INFO] - SQL (direct): SELECT * FROM users WHERE userid='1'&&password='c4ca4238a0b923820dcc509a6f75849b' 
[2025-06-04 05:29:31 +08:00Z] [DEBUG] - [status] 200 [msg] 登录成功 
[2025-06-04 05:29:31 +08:00Z] [INFO] - SQL (direct): SELECT * FROM files WHERE OWNER ='1' AND ISNULL(fileownerfolderid) AND state='1 ORDER BY filetype' 
[2025-06-04 05:29:31 +08:00Z] [INFO] - SQL (direct): SELECT * FROM folders WHERE OWNER ='1' AND state=1 AND ISNULL(parentfolderid) 
[2025-06-04 05:29:31 +08:00Z] [DEBUG] - [status] 200 [msg] 查找成功 
[2025-06-04 05:29:32 +08:00Z] [ERROR] - 未解析到Type类型 
[2025-06-04 05:29:32 +08:00Z] [INFO] - SQL (parameterized): SELECT vid, fileid, lasteditor, createtime, description FROM versions WHERE fileid = ? AND description is not null ORDER BY createtime DESC -- Params: ["ZN743TAggFZ5pXjQEKQwf"] 
[2025-06-04 05:29:32 +08:00Z] [INFO] - SQL (direct): SELECT * FROM files WHERE fileid='ZN743TAggFZ5pXjQEKQwf' 
[2025-06-04 05:29:32 +08:00Z] [DEBUG] - [status] 200 [msg] 获取版本列表成功 
[2025-06-04 05:29:33 +08:00Z] [DEBUG] - [status] 200 [msg] 文件查找成功 
[2025-06-04 05:29:33 +08:00Z] [INFO] - SQL (direct): SELECT versions.content FROM files,versions WHERE files.fileid='ZN743TAggFZ5pXjQEKQwf' AND files.currenthead=versions.vid 
[2025-06-04 05:29:33 +08:00Z] [DEBUG] - [status] 6003 [msg] 参数缺失 
[2025-06-04 05:29:33 +08:00Z] [INFO] - canvas-editor 客户端连接尝试, URL: /?canvas-editor/ZN743TAggFZ5pXjQEKQwf 
[2025-06-04 05:29:33 +08:00Z] [INFO] - canvas-editor 客户端连接成功: fileid=ZN743TAggFZ5pXjQEKQwf, wid=0rqb4obk8dh 
[2025-06-04 05:29:33 +08:00Z] [INFO] - 消息广播完成，共发送给 0 个客户端 
[2025-06-04 05:29:33 +08:00Z] [INFO] - 消息广播完成，共发送给 0 个客户端 
[2025-06-04 05:29:34 +08:00Z] [INFO] - SQL (direct): SELECT fp.*, u.username 
         FROM file_permissions fp 
         JOIN users u ON fp.user_id = u.userid 
         WHERE fp.file_id = 'ZN743TAggFZ5pXjQEKQwf' 
[2025-06-04 05:29:34 +08:00Z] [DEBUG] - [status] 200 [msg] 查询成功 
[2025-06-04 05:29:34 +08:00Z] [INFO] - SQL (direct): SELECT * FROM users WHERE userid='2' 
[2025-06-04 05:29:34 +08:00Z] [INFO] - SQL (direct): SELECT * FROM users WHERE userid='3' 
[2025-06-04 05:29:34 +08:00Z] [INFO] - SQL (direct): SELECT * FROM users WHERE userid='4' 
[2025-06-04 05:29:34 +08:00Z] [DEBUG] - [status] 200 [msg] 查找用户成功 
[2025-06-04 05:29:34 +08:00Z] [DEBUG] - [status] 200 [msg] 查找用户成功 
[2025-06-04 05:29:34 +08:00Z] [DEBUG] - [status] 200 [msg] 查找用户成功 
[2025-06-04 05:29:36 +08:00Z] [INFO] - 消息广播完成，共发送给 0 个客户端 
[2025-06-04 05:29:38 +08:00Z] [INFO] - 当前连接的客户端: [{"wid":"0rqb4obk8dh","fileid":"ZN743TAggFZ5pXjQEKQwf"}] 
[2025-06-04 05:29:43 +08:00Z] [INFO] - 当前连接的客户端: [{"wid":"0rqb4obk8dh","fileid":"ZN743TAggFZ5pXjQEKQwf"}] 
[2025-06-04 05:29:48 +08:00Z] [INFO] - 消息广播完成，共发送给 0 个客户端 
[2025-06-04 05:29:48 +08:00Z] [INFO] - 当前连接的客户端: [{"wid":"0rqb4obk8dh","fileid":"ZN743TAggFZ5pXjQEKQwf"}] 
[2025-06-04 05:29:53 +08:00Z] [INFO] - 当前连接的客户端: [{"wid":"0rqb4obk8dh","fileid":"ZN743TAggFZ5pXjQEKQwf"}] 
[2025-06-04 05:29:58 +08:00Z] [INFO] - 当前连接的客户端: [{"wid":"0rqb4obk8dh","fileid":"ZN743TAggFZ5pXjQEKQwf"}] 
[2025-06-04 05:30:03 +08:00Z] [INFO] - 消息广播完成，共发送给 0 个客户端 
[2025-06-04 05:30:03 +08:00Z] [INFO] - 当前连接的客户端: [{"wid":"0rqb4obk8dh","fileid":"ZN743TAggFZ5pXjQEKQwf"}] 
[2025-06-04 05:30:06 +08:00Z] [WARN] - canvas-editor 用户关闭连接: fileid=ZN743TAggFZ5pXjQEKQwf, wid=0rqb4obk8dh 
[2025-06-04 05:30:06 +08:00Z] [INFO] - canvas-editor 客户端连接尝试, URL: /?canvas-editor/ZN743TAggFZ5pXjQEKQwf 
[2025-06-04 05:30:06 +08:00Z] [INFO] - canvas-editor 客户端连接成功: fileid=ZN743TAggFZ5pXjQEKQwf, wid=lg7sud53ym 
[2025-06-04 05:30:06 +08:00Z] [INFO] - 消息广播完成，共发送给 0 个客户端 
[2025-06-04 05:30:06 +08:00Z] [INFO] - 消息广播完成，共发送给 0 个客户端 
[2025-06-04 05:30:08 +08:00Z] [INFO] - 当前连接的客户端: [{"wid":"lg7sud53ym","fileid":"ZN743TAggFZ5pXjQEKQwf"}] 
[2025-06-04 05:30:11 +08:00Z] [INFO] - 当前连接的客户端: [{"wid":"lg7sud53ym","fileid":"ZN743TAggFZ5pXjQEKQwf"}] 
[2025-06-04 05:30:13 +08:00Z] [INFO] - 当前连接的客户端: [{"wid":"lg7sud53ym","fileid":"ZN743TAggFZ5pXjQEKQwf"}] 
[2025-06-04 05:30:16 +08:00Z] [INFO] - 当前连接的客户端: [{"wid":"lg7sud53ym","fileid":"ZN743TAggFZ5pXjQEKQwf"}] 
[2025-06-04 05:30:18 +08:00Z] [INFO] - 消息广播完成，共发送给 0 个客户端 
[2025-06-04 05:30:18 +08:00Z] [INFO] - 当前连接的客户端: [{"wid":"lg7sud53ym","fileid":"ZN743TAggFZ5pXjQEKQwf"}] 
[2025-06-04 05:30:21 +08:00Z] [INFO] - 当前连接的客户端: [{"wid":"lg7sud53ym","fileid":"ZN743TAggFZ5pXjQEKQwf"}] 
[2025-06-04 05:30:23 +08:00Z] [INFO] - 当前连接的客户端: [{"wid":"lg7sud53ym","fileid":"ZN743TAggFZ5pXjQEKQwf"}] 
[2025-06-04 05:30:26 +08:00Z] [INFO] - 当前连接的客户端: [{"wid":"lg7sud53ym","fileid":"ZN743TAggFZ5pXjQEKQwf"}] 
[2025-06-04 05:30:28 +08:00Z] [INFO] - 当前连接的客户端: [{"wid":"lg7sud53ym","fileid":"ZN743TAggFZ5pXjQEKQwf"}] 
[2025-06-04 05:30:31 +08:00Z] [INFO] - 当前连接的客户端: [{"wid":"lg7sud53ym","fileid":"ZN743TAggFZ5pXjQEKQwf"}] 
[2025-06-04 05:30:33 +08:00Z] [INFO] - 消息广播完成，共发送给 0 个客户端 
[2025-06-04 05:30:33 +08:00Z] [INFO] - 当前连接的客户端: [{"wid":"lg7sud53ym","fileid":"ZN743TAggFZ5pXjQEKQwf"}] 
[2025-06-04 05:30:36 +08:00Z] [INFO] - 当前连接的客户端: [{"wid":"lg7sud53ym","fileid":"ZN743TAggFZ5pXjQEKQwf"}] 
[2025-06-04 05:30:38 +08:00Z] [INFO] - 当前连接的客户端: [{"wid":"lg7sud53ym","fileid":"ZN743TAggFZ5pXjQEKQwf"}] 
[2025-06-04 05:30:39 +08:00Z] [WARN] - canvas-editor 用户关闭连接: fileid=ZN743TAggFZ5pXjQEKQwf, wid=lg7sud53ym 
[2025-06-04 05:30:39 +08:00Z] [INFO] - canvas-editor 客户端连接尝试, URL: /?canvas-editor/ZN743TAggFZ5pXjQEKQwf 
[2025-06-04 05:30:39 +08:00Z] [INFO] - canvas-editor 客户端连接成功: fileid=ZN743TAggFZ5pXjQEKQwf, wid=uf5vhh9c47 
[2025-06-04 05:30:39 +08:00Z] [INFO] - 消息广播完成，共发送给 0 个客户端 
[2025-06-04 05:30:39 +08:00Z] [INFO] - 消息广播完成，共发送给 0 个客户端 
[2025-06-04 05:30:41 +08:00Z] [INFO] - 当前连接的客户端: [{"wid":"uf5vhh9c47","fileid":"ZN743TAggFZ5pXjQEKQwf"}] 
[2025-06-04 05:30:43 +08:00Z] [INFO] - 当前连接的客户端: [{"wid":"uf5vhh9c47","fileid":"ZN743TAggFZ5pXjQEKQwf"}] 
[2025-06-04 05:30:44 +08:00Z] [INFO] - 当前连接的客户端: [{"wid":"uf5vhh9c47","fileid":"ZN743TAggFZ5pXjQEKQwf"}] 
[2025-06-04 05:30:46 +08:00Z] [INFO] - 当前连接的客户端: [{"wid":"uf5vhh9c47","fileid":"ZN743TAggFZ5pXjQEKQwf"}] 
[2025-06-04 05:30:48 +08:00Z] [INFO] - 消息广播完成，共发送给 0 个客户端 
[2025-06-04 05:30:48 +08:00Z] [INFO] - 当前连接的客户端: [{"wid":"uf5vhh9c47","fileid":"ZN743TAggFZ5pXjQEKQwf"}] 
[2025-06-04 05:30:49 +08:00Z] [INFO] - 当前连接的客户端: [{"wid":"uf5vhh9c47","fileid":"ZN743TAggFZ5pXjQEKQwf"}] 
[2025-06-04 05:30:51 +08:00Z] [INFO] - 当前连接的客户端: [{"wid":"uf5vhh9c47","fileid":"ZN743TAggFZ5pXjQEKQwf"}] 
[2025-06-04 05:30:53 +08:00Z] [INFO] - 当前连接的客户端: [{"wid":"uf5vhh9c47","fileid":"ZN743TAggFZ5pXjQEKQwf"}] 
[2025-06-04 05:30:54 +08:00Z] [INFO] - 当前连接的客户端: [{"wid":"uf5vhh9c47","fileid":"ZN743TAggFZ5pXjQEKQwf"}] 
[2025-06-04 05:30:56 +08:00Z] [INFO] - 当前连接的客户端: [{"wid":"uf5vhh9c47","fileid":"ZN743TAggFZ5pXjQEKQwf"}] 
[2025-06-04 05:30:58 +08:00Z] [INFO] - 当前连接的客户端: [{"wid":"uf5vhh9c47","fileid":"ZN743TAggFZ5pXjQEKQwf"}] 
[2025-06-04 05:30:59 +08:00Z] [INFO] - 当前连接的客户端: [{"wid":"uf5vhh9c47","fileid":"ZN743TAggFZ5pXjQEKQwf"}] 
[2025-06-04 05:31:01 +08:00Z] [INFO] - 当前连接的客户端: [{"wid":"uf5vhh9c47","fileid":"ZN743TAggFZ5pXjQEKQwf"}] 
[2025-06-04 05:31:03 +08:00Z] [INFO] - 消息广播完成，共发送给 0 个客户端 
[2025-06-04 05:31:03 +08:00Z] [INFO] - 当前连接的客户端: [{"wid":"uf5vhh9c47","fileid":"ZN743TAggFZ5pXjQEKQwf"}] 
[2025-06-04 05:31:04 +08:00Z] [INFO] - 当前连接的客户端: [{"wid":"uf5vhh9c47","fileid":"ZN743TAggFZ5pXjQEKQwf"}] 
[2025-06-04 05:31:06 +08:00Z] [INFO] - 当前连接的客户端: [{"wid":"uf5vhh9c47","fileid":"ZN743TAggFZ5pXjQEKQwf"}] 
[2025-06-04 05:31:09 +08:00Z] [INFO] - 当前连接的客户端: [{"wid":"uf5vhh9c47","fileid":"ZN743TAggFZ5pXjQEKQwf"}] 
[2025-06-04 05:31:09 +08:00Z] [INFO] - 当前连接的客户端: [{"wid":"uf5vhh9c47","fileid":"ZN743TAggFZ5pXjQEKQwf"}] 
[2025-06-04 05:31:09 +08:00Z] [WARN] - canvas-editor 用户关闭连接: fileid=ZN743TAggFZ5pXjQEKQwf, wid=uf5vhh9c47 
[2025-06-04 05:31:10 +08:00Z] [INFO] - canvas-editor 客户端连接尝试, URL: /?canvas-editor/ZN743TAggFZ5pXjQEKQwf 
[2025-06-04 05:31:10 +08:00Z] [INFO] - canvas-editor 客户端连接成功: fileid=ZN743TAggFZ5pXjQEKQwf, wid=g4rjcyivx2a 
[2025-06-04 05:31:10 +08:00Z] [INFO] - 消息广播完成，共发送给 0 个客户端 
[2025-06-04 05:31:10 +08:00Z] [INFO] - 消息广播完成，共发送给 0 个客户端 
[2025-06-04 05:31:11 +08:00Z] [INFO] - 当前连接的客户端: [{"wid":"g4rjcyivx2a","fileid":"ZN743TAggFZ5pXjQEKQwf"}] 
[2025-06-04 05:31:14 +08:00Z] [INFO] - 当前连接的客户端: [{"wid":"g4rjcyivx2a","fileid":"ZN743TAggFZ5pXjQEKQwf"}] 
[2025-06-04 05:31:14 +08:00Z] [INFO] - 当前连接的客户端: [{"wid":"g4rjcyivx2a","fileid":"ZN743TAggFZ5pXjQEKQwf"}] 
[2025-06-04 05:31:15 +08:00Z] [INFO] - 当前连接的客户端: [{"wid":"g4rjcyivx2a","fileid":"ZN743TAggFZ5pXjQEKQwf"}] 
[2025-06-04 05:31:16 +08:00Z] [INFO] - 当前连接的客户端: [{"wid":"g4rjcyivx2a","fileid":"ZN743TAggFZ5pXjQEKQwf"}] 
[2025-06-04 05:31:19 +08:00Z] [INFO] - 当前连接的客户端: [{"wid":"g4rjcyivx2a","fileid":"ZN743TAggFZ5pXjQEKQwf"}] 
[2025-06-04 05:31:19 +08:00Z] [INFO] - 当前连接的客户端: [{"wid":"g4rjcyivx2a","fileid":"ZN743TAggFZ5pXjQEKQwf"}] 
[2025-06-04 05:31:20 +08:00Z] [INFO] - 当前连接的客户端: [{"wid":"g4rjcyivx2a","fileid":"ZN743TAggFZ5pXjQEKQwf"}] 
[2025-06-04 05:31:21 +08:00Z] [INFO] - 消息广播完成，共发送给 0 个客户端 
[2025-06-04 05:31:21 +08:00Z] [INFO] - 当前连接的客户端: [{"wid":"g4rjcyivx2a","fileid":"ZN743TAggFZ5pXjQEKQwf"}] 
[2025-06-04 05:31:24 +08:00Z] [INFO] - 当前连接的客户端: [{"wid":"g4rjcyivx2a","fileid":"ZN743TAggFZ5pXjQEKQwf"}] 
[2025-06-04 05:31:24 +08:00Z] [INFO] - 当前连接的客户端: [{"wid":"g4rjcyivx2a","fileid":"ZN743TAggFZ5pXjQEKQwf"}] 
[2025-06-04 05:31:25 +08:00Z] [INFO] - 当前连接的客户端: [{"wid":"g4rjcyivx2a","fileid":"ZN743TAggFZ5pXjQEKQwf"}] 
[2025-06-04 05:31:26 +08:00Z] [INFO] - 当前连接的客户端: [{"wid":"g4rjcyivx2a","fileid":"ZN743TAggFZ5pXjQEKQwf"}] 
[2025-06-04 05:31:29 +08:00Z] [INFO] - 当前连接的客户端: [{"wid":"g4rjcyivx2a","fileid":"ZN743TAggFZ5pXjQEKQwf"}] 
[2025-06-04 05:31:29 +08:00Z] [INFO] - 当前连接的客户端: [{"wid":"g4rjcyivx2a","fileid":"ZN743TAggFZ5pXjQEKQwf"}] 
[2025-06-04 05:31:30 +08:00Z] [INFO] - 当前连接的客户端: [{"wid":"g4rjcyivx2a","fileid":"ZN743TAggFZ5pXjQEKQwf"}] 
[2025-06-04 05:31:31 +08:00Z] [INFO] - 当前连接的客户端: [{"wid":"g4rjcyivx2a","fileid":"ZN743TAggFZ5pXjQEKQwf"}] 
[2025-06-04 05:31:34 +08:00Z] [INFO] - 当前连接的客户端: [{"wid":"g4rjcyivx2a","fileid":"ZN743TAggFZ5pXjQEKQwf"}] 
[2025-06-04 05:31:35 +08:00Z] [INFO] - 当前连接的客户端: [{"wid":"g4rjcyivx2a","fileid":"ZN743TAggFZ5pXjQEKQwf"}] 
[2025-06-04 05:31:35 +08:00Z] [INFO] - 当前连接的客户端: [{"wid":"g4rjcyivx2a","fileid":"ZN743TAggFZ5pXjQEKQwf"}] 
[2025-06-04 05:31:36 +08:00Z] [INFO] - 当前连接的客户端: [{"wid":"g4rjcyivx2a","fileid":"ZN743TAggFZ5pXjQEKQwf"}] 
[2025-06-04 05:31:39 +08:00Z] [INFO] - 当前连接的客户端: [{"wid":"g4rjcyivx2a","fileid":"ZN743TAggFZ5pXjQEKQwf"}] 
[2025-06-04 05:31:39 +08:00Z] [INFO] - 消息广播完成，共发送给 0 个客户端 
[2025-06-04 05:31:40 +08:00Z] [INFO] - 当前连接的客户端: [{"wid":"g4rjcyivx2a","fileid":"ZN743TAggFZ5pXjQEKQwf"}] 
[2025-06-04 05:31:40 +08:00Z] [INFO] - 当前连接的客户端: [{"wid":"g4rjcyivx2a","fileid":"ZN743TAggFZ5pXjQEKQwf"}] 
[2025-06-04 05:31:41 +08:00Z] [INFO] - 当前连接的客户端: [{"wid":"g4rjcyivx2a","fileid":"ZN743TAggFZ5pXjQEKQwf"}] 
[2025-06-04 05:31:42 +08:00Z] [WARN] - canvas-editor 用户关闭连接: fileid=ZN743TAggFZ5pXjQEKQwf, wid=g4rjcyivx2a 
[2025-06-04 05:31:43 +08:00Z] [INFO] - canvas-editor 客户端连接尝试, URL: /?canvas-editor/ZN743TAggFZ5pXjQEKQwf 
[2025-06-04 05:31:43 +08:00Z] [INFO] - canvas-editor 客户端连接成功: fileid=ZN743TAggFZ5pXjQEKQwf, wid=9yz1wmqep2d 
[2025-06-04 05:31:43 +08:00Z] [INFO] - 消息广播完成，共发送给 0 个客户端 
[2025-06-04 05:31:43 +08:00Z] [INFO] - 消息广播完成，共发送给 0 个客户端 
[2025-06-04 05:31:44 +08:00Z] [INFO] - 当前连接的客户端: [{"wid":"9yz1wmqep2d","fileid":"ZN743TAggFZ5pXjQEKQwf"}] 
[2025-06-04 05:31:45 +08:00Z] [INFO] - 当前连接的客户端: [{"wid":"9yz1wmqep2d","fileid":"ZN743TAggFZ5pXjQEKQwf"}] 
[2025-06-04 05:31:45 +08:00Z] [INFO] - 当前连接的客户端: [{"wid":"9yz1wmqep2d","fileid":"ZN743TAggFZ5pXjQEKQwf"}] 
[2025-06-04 05:31:46 +08:00Z] [INFO] - 当前连接的客户端: [{"wid":"9yz1wmqep2d","fileid":"ZN743TAggFZ5pXjQEKQwf"}] 
[2025-06-04 05:31:48 +08:00Z] [INFO] - 当前连接的客户端: [{"wid":"9yz1wmqep2d","fileid":"ZN743TAggFZ5pXjQEKQwf"}] 
[2025-06-04 05:31:49 +08:00Z] [INFO] - 当前连接的客户端: [{"wid":"9yz1wmqep2d","fileid":"ZN743TAggFZ5pXjQEKQwf"}] 
[2025-06-04 05:31:50 +08:00Z] [INFO] - 当前连接的客户端: [{"wid":"9yz1wmqep2d","fileid":"ZN743TAggFZ5pXjQEKQwf"}] 
[2025-06-04 05:31:50 +08:00Z] [INFO] - 当前连接的客户端: [{"wid":"9yz1wmqep2d","fileid":"ZN743TAggFZ5pXjQEKQwf"}] 
[2025-06-04 05:31:51 +08:00Z] [INFO] - 当前连接的客户端: [{"wid":"9yz1wmqep2d","fileid":"ZN743TAggFZ5pXjQEKQwf"}] 
[2025-06-04 05:31:53 +08:00Z] [INFO] - 当前连接的客户端: [{"wid":"9yz1wmqep2d","fileid":"ZN743TAggFZ5pXjQEKQwf"}] 
[2025-06-04 05:31:54 +08:00Z] [INFO] - 当前连接的客户端: [{"wid":"9yz1wmqep2d","fileid":"ZN743TAggFZ5pXjQEKQwf"}] 
[2025-06-04 05:31:55 +08:00Z] [INFO] - 当前连接的客户端: [{"wid":"9yz1wmqep2d","fileid":"ZN743TAggFZ5pXjQEKQwf"}] 
[2025-06-04 05:31:55 +08:00Z] [INFO] - 当前连接的客户端: [{"wid":"9yz1wmqep2d","fileid":"ZN743TAggFZ5pXjQEKQwf"}] 
[2025-06-04 05:31:56 +08:00Z] [INFO] - 当前连接的客户端: [{"wid":"9yz1wmqep2d","fileid":"ZN743TAggFZ5pXjQEKQwf"}] 
[2025-06-04 05:31:57 +08:00Z] [INFO] - 消息广播完成，共发送给 0 个客户端 
[2025-06-04 05:31:58 +08:00Z] [INFO] - 当前连接的客户端: [{"wid":"9yz1wmqep2d","fileid":"ZN743TAggFZ5pXjQEKQwf"}] 
[2025-06-04 05:31:59 +08:00Z] [INFO] - 当前连接的客户端: [{"wid":"9yz1wmqep2d","fileid":"ZN743TAggFZ5pXjQEKQwf"}] 
[2025-06-04 05:32:00 +08:00Z] [INFO] - 当前连接的客户端: [{"wid":"9yz1wmqep2d","fileid":"ZN743TAggFZ5pXjQEKQwf"}] 
[2025-06-04 05:32:00 +08:00Z] [INFO] - 当前连接的客户端: [{"wid":"9yz1wmqep2d","fileid":"ZN743TAggFZ5pXjQEKQwf"}] 
[2025-06-04 05:32:01 +08:00Z] [INFO] - 当前连接的客户端: [{"wid":"9yz1wmqep2d","fileid":"ZN743TAggFZ5pXjQEKQwf"}] 
[2025-06-04 05:32:03 +08:00Z] [INFO] - 当前连接的客户端: [{"wid":"9yz1wmqep2d","fileid":"ZN743TAggFZ5pXjQEKQwf"}] 
[2025-06-04 05:32:04 +08:00Z] [INFO] - 当前连接的客户端: [{"wid":"9yz1wmqep2d","fileid":"ZN743TAggFZ5pXjQEKQwf"}] 
[2025-06-04 05:32:05 +08:00Z] [INFO] - 当前连接的客户端: [{"wid":"9yz1wmqep2d","fileid":"ZN743TAggFZ5pXjQEKQwf"}] 
[2025-06-04 05:32:05 +08:00Z] [INFO] - 当前连接的客户端: [{"wid":"9yz1wmqep2d","fileid":"ZN743TAggFZ5pXjQEKQwf"}] 
[2025-06-04 05:32:06 +08:00Z] [INFO] - 当前连接的客户端: [{"wid":"9yz1wmqep2d","fileid":"ZN743TAggFZ5pXjQEKQwf"}] 
[2025-06-04 05:32:09 +08:00Z] [INFO] - 当前连接的客户端: [{"wid":"9yz1wmqep2d","fileid":"ZN743TAggFZ5pXjQEKQwf"}] 
[2025-06-04 05:32:09 +08:00Z] [INFO] - 当前连接的客户端: [{"wid":"9yz1wmqep2d","fileid":"ZN743TAggFZ5pXjQEKQwf"}] 
[2025-06-04 05:32:10 +08:00Z] [INFO] - 当前连接的客户端: [{"wid":"9yz1wmqep2d","fileid":"ZN743TAggFZ5pXjQEKQwf"}] 
[2025-06-04 05:32:10 +08:00Z] [INFO] - 当前连接的客户端: [{"wid":"9yz1wmqep2d","fileid":"ZN743TAggFZ5pXjQEKQwf"}] 
[2025-06-04 05:32:11 +08:00Z] [INFO] - 当前连接的客户端: [{"wid":"9yz1wmqep2d","fileid":"ZN743TAggFZ5pXjQEKQwf"}] 
[2025-06-04 05:32:14 +08:00Z] [INFO] - 当前连接的客户端: [{"wid":"9yz1wmqep2d","fileid":"ZN743TAggFZ5pXjQEKQwf"}] 
[2025-06-04 05:32:14 +08:00Z] [INFO] - 当前连接的客户端: [{"wid":"9yz1wmqep2d","fileid":"ZN743TAggFZ5pXjQEKQwf"}] 
[2025-06-04 05:32:15 +08:00Z] [INFO] - 当前连接的客户端: [{"wid":"9yz1wmqep2d","fileid":"ZN743TAggFZ5pXjQEKQwf"}] 
[2025-06-04 05:32:15 +08:00Z] [INFO] - 当前连接的客户端: [{"wid":"9yz1wmqep2d","fileid":"ZN743TAggFZ5pXjQEKQwf"}] 
[2025-06-04 05:32:16 +08:00Z] [INFO] - 当前连接的客户端: [{"wid":"9yz1wmqep2d","fileid":"ZN743TAggFZ5pXjQEKQwf"}] 
[2025-06-04 05:32:19 +08:00Z] [INFO] - 当前连接的客户端: [{"wid":"9yz1wmqep2d","fileid":"ZN743TAggFZ5pXjQEKQwf"}] 
[2025-06-04 05:32:19 +08:00Z] [INFO] - 当前连接的客户端: [{"wid":"9yz1wmqep2d","fileid":"ZN743TAggFZ5pXjQEKQwf"}] 
[2025-06-04 05:32:19 +08:00Z] [INFO] - 消息广播完成，共发送给 0 个客户端 
[2025-06-04 05:32:19 +08:00Z] [WARN] - canvas-editor 用户关闭连接: fileid=ZN743TAggFZ5pXjQEKQwf, wid=9yz1wmqep2d 
[2025-06-04 05:32:20 +08:00Z] [INFO] - 当前连接的客户端: [] 
[2025-06-04 05:32:20 +08:00Z] [INFO] - canvas-editor 客户端连接尝试, URL: /?canvas-editor/ZN743TAggFZ5pXjQEKQwf 
[2025-06-04 05:32:20 +08:00Z] [INFO] - canvas-editor 客户端连接成功: fileid=ZN743TAggFZ5pXjQEKQwf, wid=rt85wrtjj17 
[2025-06-04 05:32:20 +08:00Z] [INFO] - 消息广播完成，共发送给 0 个客户端 
[2025-06-04 05:32:20 +08:00Z] [INFO] - 消息广播完成，共发送给 0 个客户端 
[2025-06-04 05:32:20 +08:00Z] [INFO] - 当前连接的客户端: [{"wid":"rt85wrtjj17","fileid":"ZN743TAggFZ5pXjQEKQwf"}] 
[2025-06-04 05:32:21 +08:00Z] [INFO] - 当前连接的客户端: [{"wid":"rt85wrtjj17","fileid":"ZN743TAggFZ5pXjQEKQwf"}] 
[2025-06-04 05:32:24 +08:00Z] [INFO] - 当前连接的客户端: [{"wid":"rt85wrtjj17","fileid":"ZN743TAggFZ5pXjQEKQwf"}] 
[2025-06-04 05:32:24 +08:00Z] [INFO] - 当前连接的客户端: [{"wid":"rt85wrtjj17","fileid":"ZN743TAggFZ5pXjQEKQwf"}] 
[2025-06-04 05:32:25 +08:00Z] [INFO] - 当前连接的客户端: [{"wid":"rt85wrtjj17","fileid":"ZN743TAggFZ5pXjQEKQwf"}] 
[2025-06-04 05:32:25 +08:00Z] [INFO] - 当前连接的客户端: [{"wid":"rt85wrtjj17","fileid":"ZN743TAggFZ5pXjQEKQwf"}] 
[2025-06-04 05:32:26 +08:00Z] [INFO] - 当前连接的客户端: [{"wid":"rt85wrtjj17","fileid":"ZN743TAggFZ5pXjQEKQwf"}] 
[2025-06-04 05:32:26 +08:00Z] [INFO] - 当前连接的客户端: [{"wid":"rt85wrtjj17","fileid":"ZN743TAggFZ5pXjQEKQwf"}] 
[2025-06-04 05:32:29 +08:00Z] [INFO] - 当前连接的客户端: [{"wid":"rt85wrtjj17","fileid":"ZN743TAggFZ5pXjQEKQwf"}] 
[2025-06-04 05:32:29 +08:00Z] [INFO] - 当前连接的客户端: [{"wid":"rt85wrtjj17","fileid":"ZN743TAggFZ5pXjQEKQwf"}] 
[2025-06-04 05:32:30 +08:00Z] [INFO] - 当前连接的客户端: [{"wid":"rt85wrtjj17","fileid":"ZN743TAggFZ5pXjQEKQwf"}] 
[2025-06-04 05:32:30 +08:00Z] [INFO] - 当前连接的客户端: [{"wid":"rt85wrtjj17","fileid":"ZN743TAggFZ5pXjQEKQwf"}] 
[2025-06-04 05:32:31 +08:00Z] [INFO] - 当前连接的客户端: [{"wid":"rt85wrtjj17","fileid":"ZN743TAggFZ5pXjQEKQwf"}] 
[2025-06-04 05:32:31 +08:00Z] [INFO] - 当前连接的客户端: [{"wid":"rt85wrtjj17","fileid":"ZN743TAggFZ5pXjQEKQwf"}] 
[2025-06-04 05:32:34 +08:00Z] [INFO] - 当前连接的客户端: [{"wid":"rt85wrtjj17","fileid":"ZN743TAggFZ5pXjQEKQwf"}] 
[2025-06-04 05:32:34 +08:00Z] [INFO] - 当前连接的客户端: [{"wid":"rt85wrtjj17","fileid":"ZN743TAggFZ5pXjQEKQwf"}] 
[2025-06-04 05:32:35 +08:00Z] [INFO] - 当前连接的客户端: [{"wid":"rt85wrtjj17","fileid":"ZN743TAggFZ5pXjQEKQwf"}] 
[2025-06-04 05:32:35 +08:00Z] [INFO] - 当前连接的客户端: [{"wid":"rt85wrtjj17","fileid":"ZN743TAggFZ5pXjQEKQwf"}] 
[2025-06-04 05:32:36 +08:00Z] [INFO] - 当前连接的客户端: [{"wid":"rt85wrtjj17","fileid":"ZN743TAggFZ5pXjQEKQwf"}] 
[2025-06-04 05:32:36 +08:00Z] [INFO] - 消息广播完成，共发送给 0 个客户端 
[2025-06-04 05:32:36 +08:00Z] [INFO] - 当前连接的客户端: [{"wid":"rt85wrtjj17","fileid":"ZN743TAggFZ5pXjQEKQwf"}] 
[2025-06-04 05:32:39 +08:00Z] [INFO] - 当前连接的客户端: [{"wid":"rt85wrtjj17","fileid":"ZN743TAggFZ5pXjQEKQwf"}] 
[2025-06-04 05:32:39 +08:00Z] [INFO] - 当前连接的客户端: [{"wid":"rt85wrtjj17","fileid":"ZN743TAggFZ5pXjQEKQwf"}] 
[2025-06-04 05:32:40 +08:00Z] [INFO] - 当前连接的客户端: [{"wid":"rt85wrtjj17","fileid":"ZN743TAggFZ5pXjQEKQwf"}] 
[2025-06-04 05:32:40 +08:00Z] [INFO] - 当前连接的客户端: [{"wid":"rt85wrtjj17","fileid":"ZN743TAggFZ5pXjQEKQwf"}] 
[2025-06-04 05:32:41 +08:00Z] [INFO] - 当前连接的客户端: [{"wid":"rt85wrtjj17","fileid":"ZN743TAggFZ5pXjQEKQwf"}] 
[2025-06-04 05:32:41 +08:00Z] [INFO] - 当前连接的客户端: [{"wid":"rt85wrtjj17","fileid":"ZN743TAggFZ5pXjQEKQwf"}] 
[2025-06-04 05:32:44 +08:00Z] [INFO] - 当前连接的客户端: [{"wid":"rt85wrtjj17","fileid":"ZN743TAggFZ5pXjQEKQwf"}] 
[2025-06-04 05:32:44 +08:00Z] [INFO] - 当前连接的客户端: [{"wid":"rt85wrtjj17","fileid":"ZN743TAggFZ5pXjQEKQwf"}] 
[2025-06-04 05:32:45 +08:00Z] [INFO] - 当前连接的客户端: [{"wid":"rt85wrtjj17","fileid":"ZN743TAggFZ5pXjQEKQwf"}] 
[2025-06-04 05:32:45 +08:00Z] [INFO] - 当前连接的客户端: [{"wid":"rt85wrtjj17","fileid":"ZN743TAggFZ5pXjQEKQwf"}] 
[2025-06-04 05:32:46 +08:00Z] [INFO] - 当前连接的客户端: [{"wid":"rt85wrtjj17","fileid":"ZN743TAggFZ5pXjQEKQwf"}] 
[2025-06-04 05:32:47 +08:00Z] [INFO] - 当前连接的客户端: [{"wid":"rt85wrtjj17","fileid":"ZN743TAggFZ5pXjQEKQwf"}] 
[2025-06-04 05:32:49 +08:00Z] [INFO] - 当前连接的客户端: [{"wid":"rt85wrtjj17","fileid":"ZN743TAggFZ5pXjQEKQwf"}] 
[2025-06-04 05:32:49 +08:00Z] [INFO] - 当前连接的客户端: [{"wid":"rt85wrtjj17","fileid":"ZN743TAggFZ5pXjQEKQwf"}] 
[2025-06-04 05:32:50 +08:00Z] [INFO] - 当前连接的客户端: [{"wid":"rt85wrtjj17","fileid":"ZN743TAggFZ5pXjQEKQwf"}] 
[2025-06-04 05:32:50 +08:00Z] [INFO] - 当前连接的客户端: [{"wid":"rt85wrtjj17","fileid":"ZN743TAggFZ5pXjQEKQwf"}] 
[2025-06-04 05:32:51 +08:00Z] [INFO] - 当前连接的客户端: [{"wid":"rt85wrtjj17","fileid":"ZN743TAggFZ5pXjQEKQwf"}] 
[2025-06-04 05:32:51 +08:00Z] [INFO] - 消息广播完成，共发送给 0 个客户端 
[2025-06-04 05:32:51 +08:00Z] [WARN] - canvas-editor 用户关闭连接: fileid=ZN743TAggFZ5pXjQEKQwf, wid=rt85wrtjj17 
[2025-06-04 05:32:52 +08:00Z] [INFO] - 当前连接的客户端: [] 
[2025-06-04 05:32:52 +08:00Z] [INFO] - canvas-editor 客户端连接尝试, URL: /?canvas-editor/ZN743TAggFZ5pXjQEKQwf 
[2025-06-04 05:32:52 +08:00Z] [INFO] - canvas-editor 客户端连接成功: fileid=ZN743TAggFZ5pXjQEKQwf, wid=7pyuuti2ide 
[2025-06-04 05:32:52 +08:00Z] [INFO] - 消息广播完成，共发送给 0 个客户端 
[2025-06-04 05:32:52 +08:00Z] [INFO] - 消息广播完成，共发送给 0 个客户端 
[2025-06-04 05:32:54 +08:00Z] [INFO] - 当前连接的客户端: [{"wid":"7pyuuti2ide","fileid":"ZN743TAggFZ5pXjQEKQwf"}] 
[2025-06-04 05:32:54 +08:00Z] [INFO] - 当前连接的客户端: [{"wid":"7pyuuti2ide","fileid":"ZN743TAggFZ5pXjQEKQwf"}] 
[2025-06-04 05:32:55 +08:00Z] [INFO] - 当前连接的客户端: [{"wid":"7pyuuti2ide","fileid":"ZN743TAggFZ5pXjQEKQwf"}] 
[2025-06-04 05:32:55 +08:00Z] [INFO] - 当前连接的客户端: [{"wid":"7pyuuti2ide","fileid":"ZN743TAggFZ5pXjQEKQwf"}] 
[2025-06-04 05:32:56 +08:00Z] [INFO] - 当前连接的客户端: [{"wid":"7pyuuti2ide","fileid":"ZN743TAggFZ5pXjQEKQwf"}] 
[2025-06-04 05:32:57 +08:00Z] [INFO] - 当前连接的客户端: [{"wid":"7pyuuti2ide","fileid":"ZN743TAggFZ5pXjQEKQwf"}] 
[2025-06-04 05:32:57 +08:00Z] [INFO] - 当前连接的客户端: [{"wid":"7pyuuti2ide","fileid":"ZN743TAggFZ5pXjQEKQwf"}] 
[2025-06-04 05:32:59 +08:00Z] [INFO] - 当前连接的客户端: [{"wid":"7pyuuti2ide","fileid":"ZN743TAggFZ5pXjQEKQwf"}] 
[2025-06-04 05:32:59 +08:00Z] [INFO] - 当前连接的客户端: [{"wid":"7pyuuti2ide","fileid":"ZN743TAggFZ5pXjQEKQwf"}] 
[2025-06-04 05:33:00 +08:00Z] [INFO] - 当前连接的客户端: [{"wid":"7pyuuti2ide","fileid":"ZN743TAggFZ5pXjQEKQwf"}] 
[2025-06-04 05:33:00 +08:00Z] [INFO] - 当前连接的客户端: [{"wid":"7pyuuti2ide","fileid":"ZN743TAggFZ5pXjQEKQwf"}] 
[2025-06-04 05:33:01 +08:00Z] [INFO] - 当前连接的客户端: [{"wid":"7pyuuti2ide","fileid":"ZN743TAggFZ5pXjQEKQwf"}] 
[2025-06-04 05:33:02 +08:00Z] [INFO] - 当前连接的客户端: [{"wid":"7pyuuti2ide","fileid":"ZN743TAggFZ5pXjQEKQwf"}] 
[2025-06-04 05:33:02 +08:00Z] [INFO] - 当前连接的客户端: [{"wid":"7pyuuti2ide","fileid":"ZN743TAggFZ5pXjQEKQwf"}] 
[2025-06-04 05:33:04 +08:00Z] [INFO] - 当前连接的客户端: [{"wid":"7pyuuti2ide","fileid":"ZN743TAggFZ5pXjQEKQwf"}] 
[2025-06-04 05:33:04 +08:00Z] [INFO] - 当前连接的客户端: [{"wid":"7pyuuti2ide","fileid":"ZN743TAggFZ5pXjQEKQwf"}] 
[2025-06-04 05:33:05 +08:00Z] [INFO] - 当前连接的客户端: [{"wid":"7pyuuti2ide","fileid":"ZN743TAggFZ5pXjQEKQwf"}] 
[2025-06-04 05:33:05 +08:00Z] [INFO] - 当前连接的客户端: [{"wid":"7pyuuti2ide","fileid":"ZN743TAggFZ5pXjQEKQwf"}] 
[2025-06-04 05:33:06 +08:00Z] [INFO] - 当前连接的客户端: [{"wid":"7pyuuti2ide","fileid":"ZN743TAggFZ5pXjQEKQwf"}] 
[2025-06-04 05:33:07 +08:00Z] [INFO] - 当前连接的客户端: [{"wid":"7pyuuti2ide","fileid":"ZN743TAggFZ5pXjQEKQwf"}] 
[2025-06-04 05:33:07 +08:00Z] [INFO] - 当前连接的客户端: [{"wid":"7pyuuti2ide","fileid":"ZN743TAggFZ5pXjQEKQwf"}] 
[2025-06-04 05:33:09 +08:00Z] [INFO] - 当前连接的客户端: [{"wid":"7pyuuti2ide","fileid":"ZN743TAggFZ5pXjQEKQwf"}] 
[2025-06-04 05:33:09 +08:00Z] [INFO] - 当前连接的客户端: [{"wid":"7pyuuti2ide","fileid":"ZN743TAggFZ5pXjQEKQwf"}] 
[2025-06-04 05:33:09 +08:00Z] [INFO] - 消息广播完成，共发送给 0 个客户端 
[2025-06-04 05:33:10 +08:00Z] [INFO] - 当前连接的客户端: [{"wid":"7pyuuti2ide","fileid":"ZN743TAggFZ5pXjQEKQwf"}] 
[2025-06-04 05:33:10 +08:00Z] [INFO] - 当前连接的客户端: [{"wid":"7pyuuti2ide","fileid":"ZN743TAggFZ5pXjQEKQwf"}] 
[2025-06-04 05:33:11 +08:00Z] [INFO] - 当前连接的客户端: [{"wid":"7pyuuti2ide","fileid":"ZN743TAggFZ5pXjQEKQwf"}] 
[2025-06-04 05:33:12 +08:00Z] [INFO] - 当前连接的客户端: [{"wid":"7pyuuti2ide","fileid":"ZN743TAggFZ5pXjQEKQwf"}] 
[2025-06-04 05:33:12 +08:00Z] [INFO] - 当前连接的客户端: [{"wid":"7pyuuti2ide","fileid":"ZN743TAggFZ5pXjQEKQwf"}] 
[2025-06-04 05:33:14 +08:00Z] [INFO] - 当前连接的客户端: [{"wid":"7pyuuti2ide","fileid":"ZN743TAggFZ5pXjQEKQwf"}] 
[2025-06-04 05:33:14 +08:00Z] [INFO] - 当前连接的客户端: [{"wid":"7pyuuti2ide","fileid":"ZN743TAggFZ5pXjQEKQwf"}] 
[2025-06-04 05:33:15 +08:00Z] [INFO] - 当前连接的客户端: [{"wid":"7pyuuti2ide","fileid":"ZN743TAggFZ5pXjQEKQwf"}] 
[2025-06-04 05:33:15 +08:00Z] [INFO] - 当前连接的客户端: [{"wid":"7pyuuti2ide","fileid":"ZN743TAggFZ5pXjQEKQwf"}] 
[2025-06-04 05:33:16 +08:00Z] [INFO] - 当前连接的客户端: [{"wid":"7pyuuti2ide","fileid":"ZN743TAggFZ5pXjQEKQwf"}] 
[2025-06-04 05:33:17 +08:00Z] [INFO] - 当前连接的客户端: [{"wid":"7pyuuti2ide","fileid":"ZN743TAggFZ5pXjQEKQwf"}] 
[2025-06-04 05:33:17 +08:00Z] [INFO] - 当前连接的客户端: [{"wid":"7pyuuti2ide","fileid":"ZN743TAggFZ5pXjQEKQwf"}] 
[2025-06-04 05:33:19 +08:00Z] [INFO] - 当前连接的客户端: [{"wid":"7pyuuti2ide","fileid":"ZN743TAggFZ5pXjQEKQwf"}] 
[2025-06-04 05:33:19 +08:00Z] [INFO] - 当前连接的客户端: [{"wid":"7pyuuti2ide","fileid":"ZN743TAggFZ5pXjQEKQwf"}] 
[2025-06-04 05:33:20 +08:00Z] [INFO] - 当前连接的客户端: [{"wid":"7pyuuti2ide","fileid":"ZN743TAggFZ5pXjQEKQwf"}] 
[2025-06-04 05:33:20 +08:00Z] [INFO] - 当前连接的客户端: [{"wid":"7pyuuti2ide","fileid":"ZN743TAggFZ5pXjQEKQwf"}] 
[2025-06-04 05:33:21 +08:00Z] [INFO] - 当前连接的客户端: [{"wid":"7pyuuti2ide","fileid":"ZN743TAggFZ5pXjQEKQwf"}] 
[2025-06-04 05:33:22 +08:00Z] [INFO] - 当前连接的客户端: [{"wid":"7pyuuti2ide","fileid":"ZN743TAggFZ5pXjQEKQwf"}] 
[2025-06-04 05:33:22 +08:00Z] [INFO] - 当前连接的客户端: [{"wid":"7pyuuti2ide","fileid":"ZN743TAggFZ5pXjQEKQwf"}] 
[2025-06-04 05:33:24 +08:00Z] [INFO] - 当前连接的客户端: [{"wid":"7pyuuti2ide","fileid":"ZN743TAggFZ5pXjQEKQwf"}] 
[2025-06-04 05:33:24 +08:00Z] [WARN] - canvas-editor 用户关闭连接: fileid=ZN743TAggFZ5pXjQEKQwf, wid=7pyuuti2ide 
[2025-06-04 05:33:24 +08:00Z] [INFO] - 当前连接的客户端: [] 
[2025-06-04 05:33:25 +08:00Z] [INFO] - 当前连接的客户端: [] 
[2025-06-04 05:33:25 +08:00Z] [INFO] - 当前连接的客户端: [] 
[2025-06-04 05:33:25 +08:00Z] [INFO] - canvas-editor 客户端连接尝试, URL: /?canvas-editor/ZN743TAggFZ5pXjQEKQwf 
[2025-06-04 05:33:25 +08:00Z] [INFO] - canvas-editor 客户端连接成功: fileid=ZN743TAggFZ5pXjQEKQwf, wid=3r47ab9vdwk 
[2025-06-04 05:33:25 +08:00Z] [INFO] - 消息广播完成，共发送给 0 个客户端 
[2025-06-04 05:33:25 +08:00Z] [INFO] - 消息广播完成，共发送给 0 个客户端 
[2025-06-04 05:33:26 +08:00Z] [INFO] - 当前连接的客户端: [{"wid":"3r47ab9vdwk","fileid":"ZN743TAggFZ5pXjQEKQwf"}] 
[2025-06-04 05:33:27 +08:00Z] [INFO] - 当前连接的客户端: [{"wid":"3r47ab9vdwk","fileid":"ZN743TAggFZ5pXjQEKQwf"}] 
[2025-06-04 05:33:27 +08:00Z] [INFO] - 消息广播完成，共发送给 0 个客户端 
[2025-06-04 05:33:27 +08:00Z] [INFO] - 当前连接的客户端: [{"wid":"3r47ab9vdwk","fileid":"ZN743TAggFZ5pXjQEKQwf"}] 
[2025-06-04 05:33:29 +08:00Z] [INFO] - 当前连接的客户端: [{"wid":"3r47ab9vdwk","fileid":"ZN743TAggFZ5pXjQEKQwf"}] 
[2025-06-04 05:33:29 +08:00Z] [INFO] - 当前连接的客户端: [{"wid":"3r47ab9vdwk","fileid":"ZN743TAggFZ5pXjQEKQwf"}] 
[2025-06-04 05:33:30 +08:00Z] [INFO] - 当前连接的客户端: [{"wid":"3r47ab9vdwk","fileid":"ZN743TAggFZ5pXjQEKQwf"}] 
[2025-06-04 05:33:30 +08:00Z] [INFO] - 当前连接的客户端: [{"wid":"3r47ab9vdwk","fileid":"ZN743TAggFZ5pXjQEKQwf"}] 
[2025-06-04 05:33:30 +08:00Z] [INFO] - 当前连接的客户端: [{"wid":"3r47ab9vdwk","fileid":"ZN743TAggFZ5pXjQEKQwf"}] 
[2025-06-04 05:33:31 +08:00Z] [INFO] - 当前连接的客户端: [{"wid":"3r47ab9vdwk","fileid":"ZN743TAggFZ5pXjQEKQwf"}] 
[2025-06-04 05:33:32 +08:00Z] [INFO] - 当前连接的客户端: [{"wid":"3r47ab9vdwk","fileid":"ZN743TAggFZ5pXjQEKQwf"}] 
[2025-06-04 05:33:32 +08:00Z] [INFO] - 当前连接的客户端: [{"wid":"3r47ab9vdwk","fileid":"ZN743TAggFZ5pXjQEKQwf"}] 
[2025-06-04 05:33:34 +08:00Z] [INFO] - 当前连接的客户端: [{"wid":"3r47ab9vdwk","fileid":"ZN743TAggFZ5pXjQEKQwf"}] 
[2025-06-04 05:33:34 +08:00Z] [INFO] - 当前连接的客户端: [{"wid":"3r47ab9vdwk","fileid":"ZN743TAggFZ5pXjQEKQwf"}] 
[2025-06-04 05:33:35 +08:00Z] [INFO] - 当前连接的客户端: [{"wid":"3r47ab9vdwk","fileid":"ZN743TAggFZ5pXjQEKQwf"}] 
[2025-06-04 05:33:35 +08:00Z] [INFO] - 当前连接的客户端: [{"wid":"3r47ab9vdwk","fileid":"ZN743TAggFZ5pXjQEKQwf"}] 
[2025-06-04 05:33:35 +08:00Z] [INFO] - 当前连接的客户端: [{"wid":"3r47ab9vdwk","fileid":"ZN743TAggFZ5pXjQEKQwf"}] 
[2025-06-04 05:33:36 +08:00Z] [INFO] - 当前连接的客户端: [{"wid":"3r47ab9vdwk","fileid":"ZN743TAggFZ5pXjQEKQwf"}] 
[2025-06-04 05:33:37 +08:00Z] [INFO] - 当前连接的客户端: [{"wid":"3r47ab9vdwk","fileid":"ZN743TAggFZ5pXjQEKQwf"}] 
[2025-06-04 05:33:37 +08:00Z] [INFO] - 当前连接的客户端: [{"wid":"3r47ab9vdwk","fileid":"ZN743TAggFZ5pXjQEKQwf"}] 
[2025-06-04 05:33:39 +08:00Z] [INFO] - 当前连接的客户端: [{"wid":"3r47ab9vdwk","fileid":"ZN743TAggFZ5pXjQEKQwf"}] 
[2025-06-04 05:33:39 +08:00Z] [INFO] - 当前连接的客户端: [{"wid":"3r47ab9vdwk","fileid":"ZN743TAggFZ5pXjQEKQwf"}] 
[2025-06-04 05:33:40 +08:00Z] [INFO] - 当前连接的客户端: [{"wid":"3r47ab9vdwk","fileid":"ZN743TAggFZ5pXjQEKQwf"}] 
[2025-06-04 05:33:40 +08:00Z] [INFO] - 当前连接的客户端: [{"wid":"3r47ab9vdwk","fileid":"ZN743TAggFZ5pXjQEKQwf"}] 
[2025-06-04 05:33:40 +08:00Z] [INFO] - 当前连接的客户端: [{"wid":"3r47ab9vdwk","fileid":"ZN743TAggFZ5pXjQEKQwf"}] 
[2025-06-04 05:33:41 +08:00Z] [INFO] - 当前连接的客户端: [{"wid":"3r47ab9vdwk","fileid":"ZN743TAggFZ5pXjQEKQwf"}] 
[2025-06-04 05:33:42 +08:00Z] [INFO] - 当前连接的客户端: [{"wid":"3r47ab9vdwk","fileid":"ZN743TAggFZ5pXjQEKQwf"}] 
[2025-06-04 05:33:42 +08:00Z] [INFO] - 消息广播完成，共发送给 0 个客户端 
[2025-06-04 05:33:42 +08:00Z] [INFO] - 当前连接的客户端: [{"wid":"3r47ab9vdwk","fileid":"ZN743TAggFZ5pXjQEKQwf"}] 
[2025-06-04 05:33:44 +08:00Z] [INFO] - 当前连接的客户端: [{"wid":"3r47ab9vdwk","fileid":"ZN743TAggFZ5pXjQEKQwf"}] 
[2025-06-04 05:33:44 +08:00Z] [INFO] - 当前连接的客户端: [{"wid":"3r47ab9vdwk","fileid":"ZN743TAggFZ5pXjQEKQwf"}] 
[2025-06-04 05:33:45 +08:00Z] [INFO] - 当前连接的客户端: [{"wid":"3r47ab9vdwk","fileid":"ZN743TAggFZ5pXjQEKQwf"}] 
[2025-06-04 05:33:45 +08:00Z] [INFO] - 当前连接的客户端: [{"wid":"3r47ab9vdwk","fileid":"ZN743TAggFZ5pXjQEKQwf"}] 
[2025-06-04 05:33:45 +08:00Z] [INFO] - 当前连接的客户端: [{"wid":"3r47ab9vdwk","fileid":"ZN743TAggFZ5pXjQEKQwf"}] 
[2025-06-04 05:33:46 +08:00Z] [INFO] - 当前连接的客户端: [{"wid":"3r47ab9vdwk","fileid":"ZN743TAggFZ5pXjQEKQwf"}] 
[2025-06-04 05:33:47 +08:00Z] [INFO] - 当前连接的客户端: [{"wid":"3r47ab9vdwk","fileid":"ZN743TAggFZ5pXjQEKQwf"}] 
[2025-06-04 05:33:47 +08:00Z] [INFO] - 当前连接的客户端: [{"wid":"3r47ab9vdwk","fileid":"ZN743TAggFZ5pXjQEKQwf"}] 
[2025-06-04 05:33:49 +08:00Z] [INFO] - 当前连接的客户端: [{"wid":"3r47ab9vdwk","fileid":"ZN743TAggFZ5pXjQEKQwf"}] 
[2025-06-04 05:33:49 +08:00Z] [INFO] - 当前连接的客户端: [{"wid":"3r47ab9vdwk","fileid":"ZN743TAggFZ5pXjQEKQwf"}] 
[2025-06-04 05:33:50 +08:00Z] [INFO] - 当前连接的客户端: [{"wid":"3r47ab9vdwk","fileid":"ZN743TAggFZ5pXjQEKQwf"}] 
[2025-06-04 05:33:50 +08:00Z] [INFO] - 当前连接的客户端: [{"wid":"3r47ab9vdwk","fileid":"ZN743TAggFZ5pXjQEKQwf"}] 
[2025-06-04 05:33:50 +08:00Z] [INFO] - 当前连接的客户端: [{"wid":"3r47ab9vdwk","fileid":"ZN743TAggFZ5pXjQEKQwf"}] 
[2025-06-04 05:33:51 +08:00Z] [INFO] - 当前连接的客户端: [{"wid":"3r47ab9vdwk","fileid":"ZN743TAggFZ5pXjQEKQwf"}] 
[2025-06-04 05:33:52 +08:00Z] [INFO] - 当前连接的客户端: [{"wid":"3r47ab9vdwk","fileid":"ZN743TAggFZ5pXjQEKQwf"}] 
[2025-06-04 05:33:52 +08:00Z] [INFO] - 当前连接的客户端: [{"wid":"3r47ab9vdwk","fileid":"ZN743TAggFZ5pXjQEKQwf"}] 
[2025-06-04 05:33:54 +08:00Z] [INFO] - 当前连接的客户端: [{"wid":"3r47ab9vdwk","fileid":"ZN743TAggFZ5pXjQEKQwf"}] 
[2025-06-04 05:33:54 +08:00Z] [INFO] - 当前连接的客户端: [{"wid":"3r47ab9vdwk","fileid":"ZN743TAggFZ5pXjQEKQwf"}] 
[2025-06-04 05:33:55 +08:00Z] [INFO] - 当前连接的客户端: [{"wid":"3r47ab9vdwk","fileid":"ZN743TAggFZ5pXjQEKQwf"}] 
[2025-06-04 05:33:55 +08:00Z] [INFO] - 当前连接的客户端: [{"wid":"3r47ab9vdwk","fileid":"ZN743TAggFZ5pXjQEKQwf"}] 
[2025-06-04 05:33:55 +08:00Z] [INFO] - 当前连接的客户端: [{"wid":"3r47ab9vdwk","fileid":"ZN743TAggFZ5pXjQEKQwf"}] 
[2025-06-04 05:33:56 +08:00Z] [INFO] - 当前连接的客户端: [{"wid":"3r47ab9vdwk","fileid":"ZN743TAggFZ5pXjQEKQwf"}] 
[2025-06-04 05:33:57 +08:00Z] [INFO] - 当前连接的客户端: [{"wid":"3r47ab9vdwk","fileid":"ZN743TAggFZ5pXjQEKQwf"}] 
[2025-06-04 05:33:57 +08:00Z] [INFO] - 消息广播完成，共发送给 0 个客户端 
[2025-06-04 05:33:57 +08:00Z] [WARN] - canvas-editor 用户关闭连接: fileid=ZN743TAggFZ5pXjQEKQwf, wid=3r47ab9vdwk 
[2025-06-04 05:33:57 +08:00Z] [INFO] - 当前连接的客户端: [] 
[2025-06-04 05:33:58 +08:00Z] [INFO] - canvas-editor 客户端连接尝试, URL: /?canvas-editor/ZN743TAggFZ5pXjQEKQwf 
[2025-06-04 05:33:58 +08:00Z] [INFO] - canvas-editor 客户端连接成功: fileid=ZN743TAggFZ5pXjQEKQwf, wid=67q4fcnymmq 
[2025-06-04 05:33:58 +08:00Z] [INFO] - 消息广播完成，共发送给 0 个客户端 
[2025-06-04 05:33:58 +08:00Z] [INFO] - 消息广播完成，共发送给 0 个客户端 
[2025-06-04 05:33:59 +08:00Z] [INFO] - 当前连接的客户端: [{"wid":"67q4fcnymmq","fileid":"ZN743TAggFZ5pXjQEKQwf"}] 
[2025-06-04 05:33:59 +08:00Z] [INFO] - 当前连接的客户端: [{"wid":"67q4fcnymmq","fileid":"ZN743TAggFZ5pXjQEKQwf"}] 
[2025-06-04 05:34:00 +08:00Z] [INFO] - 当前连接的客户端: [{"wid":"67q4fcnymmq","fileid":"ZN743TAggFZ5pXjQEKQwf"}] 
[2025-06-04 05:34:00 +08:00Z] [INFO] - 当前连接的客户端: [{"wid":"67q4fcnymmq","fileid":"ZN743TAggFZ5pXjQEKQwf"}] 
[2025-06-04 05:34:00 +08:00Z] [INFO] - 当前连接的客户端: [{"wid":"67q4fcnymmq","fileid":"ZN743TAggFZ5pXjQEKQwf"}] 
[2025-06-04 05:34:01 +08:00Z] [INFO] - 当前连接的客户端: [{"wid":"67q4fcnymmq","fileid":"ZN743TAggFZ5pXjQEKQwf"}] 
[2025-06-04 05:34:02 +08:00Z] [INFO] - 当前连接的客户端: [{"wid":"67q4fcnymmq","fileid":"ZN743TAggFZ5pXjQEKQwf"}] 
[2025-06-04 05:34:02 +08:00Z] [INFO] - 当前连接的客户端: [{"wid":"67q4fcnymmq","fileid":"ZN743TAggFZ5pXjQEKQwf"}] 
[2025-06-04 05:34:03 +08:00Z] [INFO] - 当前连接的客户端: [{"wid":"67q4fcnymmq","fileid":"ZN743TAggFZ5pXjQEKQwf"}] 
[2025-06-04 05:34:04 +08:00Z] [INFO] - 当前连接的客户端: [{"wid":"67q4fcnymmq","fileid":"ZN743TAggFZ5pXjQEKQwf"}] 
[2025-06-04 05:34:04 +08:00Z] [INFO] - 当前连接的客户端: [{"wid":"67q4fcnymmq","fileid":"ZN743TAggFZ5pXjQEKQwf"}] 
[2025-06-04 05:34:05 +08:00Z] [INFO] - 当前连接的客户端: [{"wid":"67q4fcnymmq","fileid":"ZN743TAggFZ5pXjQEKQwf"}] 
[2025-06-04 05:34:05 +08:00Z] [INFO] - 当前连接的客户端: [{"wid":"67q4fcnymmq","fileid":"ZN743TAggFZ5pXjQEKQwf"}] 
[2025-06-04 05:34:05 +08:00Z] [INFO] - 当前连接的客户端: [{"wid":"67q4fcnymmq","fileid":"ZN743TAggFZ5pXjQEKQwf"}] 
[2025-06-04 05:34:06 +08:00Z] [INFO] - 当前连接的客户端: [{"wid":"67q4fcnymmq","fileid":"ZN743TAggFZ5pXjQEKQwf"}] 
[2025-06-04 05:34:07 +08:00Z] [INFO] - 当前连接的客户端: [{"wid":"67q4fcnymmq","fileid":"ZN743TAggFZ5pXjQEKQwf"}] 
[2025-06-04 05:34:07 +08:00Z] [INFO] - 当前连接的客户端: [{"wid":"67q4fcnymmq","fileid":"ZN743TAggFZ5pXjQEKQwf"}] 
[2025-06-04 05:34:08 +08:00Z] [INFO] - 当前连接的客户端: [{"wid":"67q4fcnymmq","fileid":"ZN743TAggFZ5pXjQEKQwf"}] 
[2025-06-04 05:34:09 +08:00Z] [INFO] - 当前连接的客户端: [{"wid":"67q4fcnymmq","fileid":"ZN743TAggFZ5pXjQEKQwf"}] 
[2025-06-04 05:34:09 +08:00Z] [INFO] - 当前连接的客户端: [{"wid":"67q4fcnymmq","fileid":"ZN743TAggFZ5pXjQEKQwf"}] 
[2025-06-04 05:34:10 +08:00Z] [INFO] - 当前连接的客户端: [{"wid":"67q4fcnymmq","fileid":"ZN743TAggFZ5pXjQEKQwf"}] 
[2025-06-04 05:34:10 +08:00Z] [INFO] - 当前连接的客户端: [{"wid":"67q4fcnymmq","fileid":"ZN743TAggFZ5pXjQEKQwf"}] 
[2025-06-04 05:34:10 +08:00Z] [INFO] - 当前连接的客户端: [{"wid":"67q4fcnymmq","fileid":"ZN743TAggFZ5pXjQEKQwf"}] 
[2025-06-04 05:34:11 +08:00Z] [INFO] - 当前连接的客户端: [{"wid":"67q4fcnymmq","fileid":"ZN743TAggFZ5pXjQEKQwf"}] 
[2025-06-04 05:34:12 +08:00Z] [INFO] - 当前连接的客户端: [{"wid":"67q4fcnymmq","fileid":"ZN743TAggFZ5pXjQEKQwf"}] 
[2025-06-04 05:34:12 +08:00Z] [INFO] - 当前连接的客户端: [{"wid":"67q4fcnymmq","fileid":"ZN743TAggFZ5pXjQEKQwf"}] 
[2025-06-04 05:34:13 +08:00Z] [INFO] - 当前连接的客户端: [{"wid":"67q4fcnymmq","fileid":"ZN743TAggFZ5pXjQEKQwf"}] 
[2025-06-04 05:34:14 +08:00Z] [INFO] - 当前连接的客户端: [{"wid":"67q4fcnymmq","fileid":"ZN743TAggFZ5pXjQEKQwf"}] 
[2025-06-04 05:34:14 +08:00Z] [INFO] - 当前连接的客户端: [{"wid":"67q4fcnymmq","fileid":"ZN743TAggFZ5pXjQEKQwf"}] 
[2025-06-04 05:34:15 +08:00Z] [INFO] - 当前连接的客户端: [{"wid":"67q4fcnymmq","fileid":"ZN743TAggFZ5pXjQEKQwf"}] 
[2025-06-04 05:34:15 +08:00Z] [INFO] - 消息广播完成，共发送给 0 个客户端 
[2025-06-04 05:34:15 +08:00Z] [INFO] - 当前连接的客户端: [{"wid":"67q4fcnymmq","fileid":"ZN743TAggFZ5pXjQEKQwf"}] 
[2025-06-04 05:34:15 +08:00Z] [INFO] - 当前连接的客户端: [{"wid":"67q4fcnymmq","fileid":"ZN743TAggFZ5pXjQEKQwf"}] 
[2025-06-04 05:34:16 +08:00Z] [INFO] - 当前连接的客户端: [{"wid":"67q4fcnymmq","fileid":"ZN743TAggFZ5pXjQEKQwf"}] 
[2025-06-04 05:34:17 +08:00Z] [INFO] - 当前连接的客户端: [{"wid":"67q4fcnymmq","fileid":"ZN743TAggFZ5pXjQEKQwf"}] 
[2025-06-04 05:34:17 +08:00Z] [INFO] - 当前连接的客户端: [{"wid":"67q4fcnymmq","fileid":"ZN743TAggFZ5pXjQEKQwf"}] 
[2025-06-04 05:34:18 +08:00Z] [INFO] - 当前连接的客户端: [{"wid":"67q4fcnymmq","fileid":"ZN743TAggFZ5pXjQEKQwf"}] 
[2025-06-04 05:34:19 +08:00Z] [INFO] - 当前连接的客户端: [{"wid":"67q4fcnymmq","fileid":"ZN743TAggFZ5pXjQEKQwf"}] 
[2025-06-04 05:34:19 +08:00Z] [INFO] - 当前连接的客户端: [{"wid":"67q4fcnymmq","fileid":"ZN743TAggFZ5pXjQEKQwf"}] 
[2025-06-04 05:34:20 +08:00Z] [INFO] - 当前连接的客户端: [{"wid":"67q4fcnymmq","fileid":"ZN743TAggFZ5pXjQEKQwf"}] 
[2025-06-04 05:34:20 +08:00Z] [INFO] - 当前连接的客户端: [{"wid":"67q4fcnymmq","fileid":"ZN743TAggFZ5pXjQEKQwf"}] 
[2025-06-04 05:34:20 +08:00Z] [INFO] - 当前连接的客户端: [{"wid":"67q4fcnymmq","fileid":"ZN743TAggFZ5pXjQEKQwf"}] 
[2025-06-04 05:34:21 +08:00Z] [INFO] - 当前连接的客户端: [{"wid":"67q4fcnymmq","fileid":"ZN743TAggFZ5pXjQEKQwf"}] 
[2025-06-04 05:34:22 +08:00Z] [INFO] - 当前连接的客户端: [{"wid":"67q4fcnymmq","fileid":"ZN743TAggFZ5pXjQEKQwf"}] 
[2025-06-04 05:34:22 +08:00Z] [INFO] - 当前连接的客户端: [{"wid":"67q4fcnymmq","fileid":"ZN743TAggFZ5pXjQEKQwf"}] 
[2025-06-04 05:34:23 +08:00Z] [INFO] - 当前连接的客户端: [{"wid":"67q4fcnymmq","fileid":"ZN743TAggFZ5pXjQEKQwf"}] 
[2025-06-04 05:34:24 +08:00Z] [INFO] - 当前连接的客户端: [{"wid":"67q4fcnymmq","fileid":"ZN743TAggFZ5pXjQEKQwf"}] 
[2025-06-04 05:34:24 +08:00Z] [INFO] - 当前连接的客户端: [{"wid":"67q4fcnymmq","fileid":"ZN743TAggFZ5pXjQEKQwf"}] 
[2025-06-04 05:34:25 +08:00Z] [INFO] - 当前连接的客户端: [{"wid":"67q4fcnymmq","fileid":"ZN743TAggFZ5pXjQEKQwf"}] 
[2025-06-04 05:34:25 +08:00Z] [INFO] - 当前连接的客户端: [{"wid":"67q4fcnymmq","fileid":"ZN743TAggFZ5pXjQEKQwf"}] 
[2025-06-04 05:34:25 +08:00Z] [INFO] - 当前连接的客户端: [{"wid":"67q4fcnymmq","fileid":"ZN743TAggFZ5pXjQEKQwf"}] 
[2025-06-04 05:34:26 +08:00Z] [INFO] - 当前连接的客户端: [{"wid":"67q4fcnymmq","fileid":"ZN743TAggFZ5pXjQEKQwf"}] 
[2025-06-04 05:34:27 +08:00Z] [INFO] - 当前连接的客户端: [{"wid":"67q4fcnymmq","fileid":"ZN743TAggFZ5pXjQEKQwf"}] 
[2025-06-04 05:34:27 +08:00Z] [INFO] - 当前连接的客户端: [{"wid":"67q4fcnymmq","fileid":"ZN743TAggFZ5pXjQEKQwf"}] 
[2025-06-04 05:34:28 +08:00Z] [INFO] - 当前连接的客户端: [{"wid":"67q4fcnymmq","fileid":"ZN743TAggFZ5pXjQEKQwf"}] 
[2025-06-04 05:34:29 +08:00Z] [INFO] - 当前连接的客户端: [{"wid":"67q4fcnymmq","fileid":"ZN743TAggFZ5pXjQEKQwf"}] 
[2025-06-04 05:34:29 +08:00Z] [INFO] - 当前连接的客户端: [{"wid":"67q4fcnymmq","fileid":"ZN743TAggFZ5pXjQEKQwf"}] 
[2025-06-04 05:34:30 +08:00Z] [INFO] - 当前连接的客户端: [{"wid":"67q4fcnymmq","fileid":"ZN743TAggFZ5pXjQEKQwf"}] 
[2025-06-04 05:34:31 +08:00Z] [INFO] - 当前连接的客户端: [{"wid":"67q4fcnymmq","fileid":"ZN743TAggFZ5pXjQEKQwf"}] 
[2025-06-04 05:34:31 +08:00Z] [INFO] - 当前连接的客户端: [{"wid":"67q4fcnymmq","fileid":"ZN743TAggFZ5pXjQEKQwf"}] 
[2025-06-04 05:34:31 +08:00Z] [INFO] - 当前连接的客户端: [{"wid":"67q4fcnymmq","fileid":"ZN743TAggFZ5pXjQEKQwf"}] 
[2025-06-04 05:34:32 +08:00Z] [INFO] - 当前连接的客户端: [{"wid":"67q4fcnymmq","fileid":"ZN743TAggFZ5pXjQEKQwf"}] 
[2025-06-04 05:34:32 +08:00Z] [INFO] - 当前连接的客户端: [{"wid":"67q4fcnymmq","fileid":"ZN743TAggFZ5pXjQEKQwf"}] 
[2025-06-04 05:34:33 +08:00Z] [INFO] - 当前连接的客户端: [{"wid":"67q4fcnymmq","fileid":"ZN743TAggFZ5pXjQEKQwf"}] 
[2025-06-04 05:34:34 +08:00Z] [INFO] - 当前连接的客户端: [{"wid":"67q4fcnymmq","fileid":"ZN743TAggFZ5pXjQEKQwf"}] 
[2025-06-04 05:34:34 +08:00Z] [INFO] - 当前连接的客户端: [{"wid":"67q4fcnymmq","fileid":"ZN743TAggFZ5pXjQEKQwf"}] 
[2025-06-04 05:34:35 +08:00Z] [INFO] - 当前连接的客户端: [{"wid":"67q4fcnymmq","fileid":"ZN743TAggFZ5pXjQEKQwf"}] 
[2025-06-04 05:34:36 +08:00Z] [INFO] - 当前连接的客户端: [{"wid":"67q4fcnymmq","fileid":"ZN743TAggFZ5pXjQEKQwf"}] 
[2025-06-04 05:34:36 +08:00Z] [INFO] - 当前连接的客户端: [{"wid":"67q4fcnymmq","fileid":"ZN743TAggFZ5pXjQEKQwf"}] 
[2025-06-04 05:34:36 +08:00Z] [INFO] - 当前连接的客户端: [{"wid":"67q4fcnymmq","fileid":"ZN743TAggFZ5pXjQEKQwf"}] 
[2025-06-04 05:34:37 +08:00Z] [INFO] - 当前连接的客户端: [{"wid":"67q4fcnymmq","fileid":"ZN743TAggFZ5pXjQEKQwf"}] 
[2025-06-04 05:34:37 +08:00Z] [INFO] - 当前连接的客户端: [{"wid":"67q4fcnymmq","fileid":"ZN743TAggFZ5pXjQEKQwf"}] 
[2025-06-04 05:34:38 +08:00Z] [INFO] - 当前连接的客户端: [{"wid":"67q4fcnymmq","fileid":"ZN743TAggFZ5pXjQEKQwf"}] 
[2025-06-04 05:34:39 +08:00Z] [INFO] - 当前连接的客户端: [{"wid":"67q4fcnymmq","fileid":"ZN743TAggFZ5pXjQEKQwf"}] 
[2025-06-04 05:34:39 +08:00Z] [INFO] - 当前连接的客户端: [{"wid":"67q4fcnymmq","fileid":"ZN743TAggFZ5pXjQEKQwf"}] 
[2025-06-04 05:34:40 +08:00Z] [INFO] - 当前连接的客户端: [{"wid":"67q4fcnymmq","fileid":"ZN743TAggFZ5pXjQEKQwf"}] 
[2025-06-04 05:34:41 +08:00Z] [INFO] - 当前连接的客户端: [{"wid":"67q4fcnymmq","fileid":"ZN743TAggFZ5pXjQEKQwf"}] 
[2025-06-04 05:34:41 +08:00Z] [INFO] - 当前连接的客户端: [{"wid":"67q4fcnymmq","fileid":"ZN743TAggFZ5pXjQEKQwf"}] 
[2025-06-04 05:34:41 +08:00Z] [INFO] - 当前连接的客户端: [{"wid":"67q4fcnymmq","fileid":"ZN743TAggFZ5pXjQEKQwf"}] 
[2025-06-04 05:34:42 +08:00Z] [INFO] - 当前连接的客户端: [{"wid":"67q4fcnymmq","fileid":"ZN743TAggFZ5pXjQEKQwf"}] 
[2025-06-04 05:34:42 +08:00Z] [INFO] - 当前连接的客户端: [{"wid":"67q4fcnymmq","fileid":"ZN743TAggFZ5pXjQEKQwf"}] 
[2025-06-04 05:34:43 +08:00Z] [INFO] - 当前连接的客户端: [{"wid":"67q4fcnymmq","fileid":"ZN743TAggFZ5pXjQEKQwf"}] 
[2025-06-04 05:34:44 +08:00Z] [INFO] - 当前连接的客户端: [{"wid":"67q4fcnymmq","fileid":"ZN743TAggFZ5pXjQEKQwf"}] 
[2025-06-04 05:34:44 +08:00Z] [INFO] - 当前连接的客户端: [{"wid":"67q4fcnymmq","fileid":"ZN743TAggFZ5pXjQEKQwf"}] 
[2025-06-04 05:34:45 +08:00Z] [INFO] - 当前连接的客户端: [{"wid":"67q4fcnymmq","fileid":"ZN743TAggFZ5pXjQEKQwf"}] 
[2025-06-04 05:34:46 +08:00Z] [INFO] - 当前连接的客户端: [{"wid":"67q4fcnymmq","fileid":"ZN743TAggFZ5pXjQEKQwf"}] 
[2025-06-04 05:34:46 +08:00Z] [INFO] - 当前连接的客户端: [{"wid":"67q4fcnymmq","fileid":"ZN743TAggFZ5pXjQEKQwf"}] 
[2025-06-04 05:34:46 +08:00Z] [INFO] - 当前连接的客户端: [{"wid":"67q4fcnymmq","fileid":"ZN743TAggFZ5pXjQEKQwf"}] 
[2025-06-04 05:34:47 +08:00Z] [INFO] - 当前连接的客户端: [{"wid":"67q4fcnymmq","fileid":"ZN743TAggFZ5pXjQEKQwf"}] 
[2025-06-04 05:34:47 +08:00Z] [INFO] - 当前连接的客户端: [{"wid":"67q4fcnymmq","fileid":"ZN743TAggFZ5pXjQEKQwf"}] 
[2025-06-04 05:34:48 +08:00Z] [INFO] - 当前连接的客户端: [{"wid":"67q4fcnymmq","fileid":"ZN743TAggFZ5pXjQEKQwf"}] 
[2025-06-04 05:34:49 +08:00Z] [INFO] - 当前连接的客户端: [{"wid":"67q4fcnymmq","fileid":"ZN743TAggFZ5pXjQEKQwf"}] 
[2025-06-04 05:34:49 +08:00Z] [INFO] - 当前连接的客户端: [{"wid":"67q4fcnymmq","fileid":"ZN743TAggFZ5pXjQEKQwf"}] 
[2025-06-04 05:34:50 +08:00Z] [INFO] - 当前连接的客户端: [{"wid":"67q4fcnymmq","fileid":"ZN743TAggFZ5pXjQEKQwf"}] 
[2025-06-04 05:34:51 +08:00Z] [INFO] - 当前连接的客户端: [{"wid":"67q4fcnymmq","fileid":"ZN743TAggFZ5pXjQEKQwf"}] 
[2025-06-04 05:34:51 +08:00Z] [INFO] - 当前连接的客户端: [{"wid":"67q4fcnymmq","fileid":"ZN743TAggFZ5pXjQEKQwf"}] 
[2025-06-04 05:34:51 +08:00Z] [INFO] - 当前连接的客户端: [{"wid":"67q4fcnymmq","fileid":"ZN743TAggFZ5pXjQEKQwf"}] 
[2025-06-04 05:34:52 +08:00Z] [INFO] - 当前连接的客户端: [{"wid":"67q4fcnymmq","fileid":"ZN743TAggFZ5pXjQEKQwf"}] 
[2025-06-04 05:34:52 +08:00Z] [INFO] - 当前连接的客户端: [{"wid":"67q4fcnymmq","fileid":"ZN743TAggFZ5pXjQEKQwf"}] 
[2025-06-04 05:34:53 +08:00Z] [INFO] - 当前连接的客户端: [{"wid":"67q4fcnymmq","fileid":"ZN743TAggFZ5pXjQEKQwf"}] 
[2025-06-04 05:34:54 +08:00Z] [INFO] - 当前连接的客户端: [{"wid":"67q4fcnymmq","fileid":"ZN743TAggFZ5pXjQEKQwf"}] 
[2025-06-04 05:34:54 +08:00Z] [INFO] - 当前连接的客户端: [{"wid":"67q4fcnymmq","fileid":"ZN743TAggFZ5pXjQEKQwf"}] 
[2025-06-04 05:34:55 +08:00Z] [INFO] - 消息广播完成，共发送给 0 个客户端 
[2025-06-04 05:34:55 +08:00Z] [INFO] - 当前连接的客户端: [{"wid":"67q4fcnymmq","fileid":"ZN743TAggFZ5pXjQEKQwf"}] 
[2025-06-04 05:34:55 +08:00Z] [WARN] - canvas-editor 用户关闭连接: fileid=ZN743TAggFZ5pXjQEKQwf, wid=67q4fcnymmq 
[2025-06-04 05:34:56 +08:00Z] [INFO] - 当前连接的客户端: [] 
[2025-06-04 05:34:56 +08:00Z] [INFO] - 当前连接的客户端: [] 
[2025-06-04 05:34:56 +08:00Z] [INFO] - 当前连接的客户端: [] 
[2025-06-04 05:34:56 +08:00Z] [INFO] - canvas-editor 客户端连接尝试, URL: /?canvas-editor/ZN743TAggFZ5pXjQEKQwf 
[2025-06-04 05:34:56 +08:00Z] [INFO] - canvas-editor 客户端连接成功: fileid=ZN743TAggFZ5pXjQEKQwf, wid=755qwfl9rfn 
[2025-06-04 05:34:56 +08:00Z] [INFO] - 消息广播完成，共发送给 0 个客户端 
[2025-06-04 05:34:56 +08:00Z] [INFO] - 消息广播完成，共发送给 0 个客户端 
[2025-06-04 05:34:57 +08:00Z] [INFO] - 当前连接的客户端: [{"wid":"755qwfl9rfn","fileid":"ZN743TAggFZ5pXjQEKQwf"}] 
[2025-06-04 05:34:57 +08:00Z] [INFO] - 当前连接的客户端: [{"wid":"755qwfl9rfn","fileid":"ZN743TAggFZ5pXjQEKQwf"}] 
[2025-06-04 05:34:58 +08:00Z] [INFO] - 当前连接的客户端: [{"wid":"755qwfl9rfn","fileid":"ZN743TAggFZ5pXjQEKQwf"}] 
[2025-06-04 05:34:59 +08:00Z] [INFO] - 当前连接的客户端: [{"wid":"755qwfl9rfn","fileid":"ZN743TAggFZ5pXjQEKQwf"}] 
[2025-06-04 05:35:00 +08:00Z] [INFO] - 当前连接的客户端: [{"wid":"755qwfl9rfn","fileid":"ZN743TAggFZ5pXjQEKQwf"}] 
[2025-06-04 05:35:00 +08:00Z] [INFO] - 当前连接的客户端: [{"wid":"755qwfl9rfn","fileid":"ZN743TAggFZ5pXjQEKQwf"}] 
[2025-06-04 05:35:01 +08:00Z] [INFO] - 当前连接的客户端: [{"wid":"755qwfl9rfn","fileid":"ZN743TAggFZ5pXjQEKQwf"}] 
[2025-06-04 05:35:01 +08:00Z] [INFO] - 当前连接的客户端: [{"wid":"755qwfl9rfn","fileid":"ZN743TAggFZ5pXjQEKQwf"}] 
[2025-06-04 05:35:01 +08:00Z] [INFO] - 当前连接的客户端: [{"wid":"755qwfl9rfn","fileid":"ZN743TAggFZ5pXjQEKQwf"}] 
[2025-06-04 05:35:01 +08:00Z] [INFO] - 当前连接的客户端: [{"wid":"755qwfl9rfn","fileid":"ZN743TAggFZ5pXjQEKQwf"}] 
[2025-06-04 05:35:02 +08:00Z] [INFO] - 当前连接的客户端: [{"wid":"755qwfl9rfn","fileid":"ZN743TAggFZ5pXjQEKQwf"}] 
[2025-06-04 05:35:02 +08:00Z] [INFO] - 当前连接的客户端: [{"wid":"755qwfl9rfn","fileid":"ZN743TAggFZ5pXjQEKQwf"}] 
[2025-06-04 05:35:03 +08:00Z] [INFO] - 当前连接的客户端: [{"wid":"755qwfl9rfn","fileid":"ZN743TAggFZ5pXjQEKQwf"}] 
[2025-06-04 05:35:04 +08:00Z] [INFO] - 当前连接的客户端: [{"wid":"755qwfl9rfn","fileid":"ZN743TAggFZ5pXjQEKQwf"}] 
[2025-06-04 05:35:05 +08:00Z] [INFO] - 当前连接的客户端: [{"wid":"755qwfl9rfn","fileid":"ZN743TAggFZ5pXjQEKQwf"}] 
[2025-06-04 05:35:05 +08:00Z] [INFO] - 当前连接的客户端: [{"wid":"755qwfl9rfn","fileid":"ZN743TAggFZ5pXjQEKQwf"}] 
[2025-06-04 05:35:06 +08:00Z] [INFO] - 当前连接的客户端: [{"wid":"755qwfl9rfn","fileid":"ZN743TAggFZ5pXjQEKQwf"}] 
[2025-06-04 05:35:06 +08:00Z] [INFO] - 当前连接的客户端: [{"wid":"755qwfl9rfn","fileid":"ZN743TAggFZ5pXjQEKQwf"}] 
[2025-06-04 05:35:06 +08:00Z] [INFO] - 当前连接的客户端: [{"wid":"755qwfl9rfn","fileid":"ZN743TAggFZ5pXjQEKQwf"}] 
[2025-06-04 05:35:06 +08:00Z] [INFO] - 当前连接的客户端: [{"wid":"755qwfl9rfn","fileid":"ZN743TAggFZ5pXjQEKQwf"}] 
[2025-06-04 05:35:07 +08:00Z] [INFO] - 当前连接的客户端: [{"wid":"755qwfl9rfn","fileid":"ZN743TAggFZ5pXjQEKQwf"}] 
[2025-06-04 05:35:07 +08:00Z] [INFO] - 当前连接的客户端: [{"wid":"755qwfl9rfn","fileid":"ZN743TAggFZ5pXjQEKQwf"}] 
[2025-06-04 05:35:08 +08:00Z] [INFO] - 当前连接的客户端: [{"wid":"755qwfl9rfn","fileid":"ZN743TAggFZ5pXjQEKQwf"}] 
[2025-06-04 05:35:09 +08:00Z] [INFO] - 当前连接的客户端: [{"wid":"755qwfl9rfn","fileid":"ZN743TAggFZ5pXjQEKQwf"}] 
[2025-06-04 05:35:10 +08:00Z] [INFO] - 当前连接的客户端: [{"wid":"755qwfl9rfn","fileid":"ZN743TAggFZ5pXjQEKQwf"}] 
[2025-06-04 05:35:10 +08:00Z] [INFO] - 当前连接的客户端: [{"wid":"755qwfl9rfn","fileid":"ZN743TAggFZ5pXjQEKQwf"}] 
[2025-06-04 05:35:11 +08:00Z] [INFO] - 当前连接的客户端: [{"wid":"755qwfl9rfn","fileid":"ZN743TAggFZ5pXjQEKQwf"}] 
[2025-06-04 05:35:11 +08:00Z] [INFO] - 当前连接的客户端: [{"wid":"755qwfl9rfn","fileid":"ZN743TAggFZ5pXjQEKQwf"}] 
[2025-06-04 05:35:11 +08:00Z] [INFO] - 当前连接的客户端: [{"wid":"755qwfl9rfn","fileid":"ZN743TAggFZ5pXjQEKQwf"}] 
[2025-06-04 05:35:11 +08:00Z] [INFO] - 当前连接的客户端: [{"wid":"755qwfl9rfn","fileid":"ZN743TAggFZ5pXjQEKQwf"}] 
[2025-06-04 05:35:12 +08:00Z] [INFO] - 当前连接的客户端: [{"wid":"755qwfl9rfn","fileid":"ZN743TAggFZ5pXjQEKQwf"}] 
[2025-06-04 05:35:12 +08:00Z] [INFO] - 当前连接的客户端: [{"wid":"755qwfl9rfn","fileid":"ZN743TAggFZ5pXjQEKQwf"}] 
[2025-06-04 05:35:13 +08:00Z] [INFO] - 消息广播完成，共发送给 0 个客户端 
[2025-06-04 05:35:13 +08:00Z] [INFO] - 当前连接的客户端: [{"wid":"755qwfl9rfn","fileid":"ZN743TAggFZ5pXjQEKQwf"}] 
[2025-06-04 05:35:14 +08:00Z] [INFO] - 当前连接的客户端: [{"wid":"755qwfl9rfn","fileid":"ZN743TAggFZ5pXjQEKQwf"}] 
[2025-06-04 05:35:15 +08:00Z] [INFO] - 当前连接的客户端: [{"wid":"755qwfl9rfn","fileid":"ZN743TAggFZ5pXjQEKQwf"}] 
[2025-06-04 05:35:15 +08:00Z] [INFO] - 当前连接的客户端: [{"wid":"755qwfl9rfn","fileid":"ZN743TAggFZ5pXjQEKQwf"}] 
[2025-06-04 05:35:16 +08:00Z] [INFO] - 当前连接的客户端: [{"wid":"755qwfl9rfn","fileid":"ZN743TAggFZ5pXjQEKQwf"}] 
[2025-06-04 05:35:16 +08:00Z] [INFO] - 当前连接的客户端: [{"wid":"755qwfl9rfn","fileid":"ZN743TAggFZ5pXjQEKQwf"}] 
[2025-06-04 05:35:16 +08:00Z] [INFO] - 当前连接的客户端: [{"wid":"755qwfl9rfn","fileid":"ZN743TAggFZ5pXjQEKQwf"}] 
[2025-06-04 05:35:16 +08:00Z] [INFO] - 当前连接的客户端: [{"wid":"755qwfl9rfn","fileid":"ZN743TAggFZ5pXjQEKQwf"}] 
[2025-06-04 05:35:17 +08:00Z] [INFO] - 当前连接的客户端: [{"wid":"755qwfl9rfn","fileid":"ZN743TAggFZ5pXjQEKQwf"}] 
[2025-06-04 05:35:18 +08:00Z] [INFO] - 当前连接的客户端: [{"wid":"755qwfl9rfn","fileid":"ZN743TAggFZ5pXjQEKQwf"}] 
[2025-06-04 05:35:18 +08:00Z] [INFO] - 当前连接的客户端: [{"wid":"755qwfl9rfn","fileid":"ZN743TAggFZ5pXjQEKQwf"}] 
[2025-06-04 05:35:19 +08:00Z] [INFO] - 当前连接的客户端: [{"wid":"755qwfl9rfn","fileid":"ZN743TAggFZ5pXjQEKQwf"}] 
[2025-06-04 05:35:20 +08:00Z] [INFO] - 当前连接的客户端: [{"wid":"755qwfl9rfn","fileid":"ZN743TAggFZ5pXjQEKQwf"}] 
[2025-06-04 05:35:20 +08:00Z] [INFO] - 当前连接的客户端: [{"wid":"755qwfl9rfn","fileid":"ZN743TAggFZ5pXjQEKQwf"}] 
[2025-06-04 05:35:21 +08:00Z] [WARN] - canvas-editor 用户关闭连接: fileid=ZN743TAggFZ5pXjQEKQwf, wid=755qwfl9rfn 
[2025-06-04 05:35:21 +08:00Z] [INFO] - 当前连接的客户端: [] 
[2025-06-04 05:35:21 +08:00Z] [INFO] - 当前连接的客户端: [] 
[2025-06-04 05:35:21 +08:00Z] [INFO] - 当前连接的客户端: [] 
[2025-06-04 05:35:21 +08:00Z] [INFO] - 当前连接的客户端: [] 
[2025-06-04 05:35:22 +08:00Z] [INFO] - 当前连接的客户端: [] 
[2025-06-04 05:35:23 +08:00Z] [INFO] - 当前连接的客户端: [] 
[2025-06-04 05:35:23 +08:00Z] [INFO] - 当前连接的客户端: [] 
[2025-06-04 05:35:24 +08:00Z] [INFO] - 当前连接的客户端: [] 
[2025-06-04 05:35:25 +08:00Z] [INFO] - 当前连接的客户端: [] 
[2025-06-04 05:35:25 +08:00Z] [INFO] - 当前连接的客户端: [] 
[2025-06-04 05:35:26 +08:00Z] [INFO] - 当前连接的客户端: [] 
[2025-06-04 05:35:26 +08:00Z] [INFO] - 当前连接的客户端: [] 
[2025-06-04 05:35:26 +08:00Z] [INFO] - 当前连接的客户端: [] 
[2025-06-04 05:35:26 +08:00Z] [INFO] - 当前连接的客户端: [] 
[2025-06-04 05:35:27 +08:00Z] [INFO] - 当前连接的客户端: [] 
[2025-06-04 05:35:28 +08:00Z] [INFO] - 当前连接的客户端: [] 
[2025-06-04 05:35:28 +08:00Z] [INFO] - 当前连接的客户端: [] 
[2025-06-04 05:35:29 +08:00Z] [INFO] - 当前连接的客户端: [] 
[2025-06-04 05:35:30 +08:00Z] [INFO] - 当前连接的客户端: [] 
[2025-06-04 05:35:30 +08:00Z] [INFO] - 当前连接的客户端: [] 
[2025-06-04 05:35:31 +08:00Z] [INFO] - 当前连接的客户端: [] 
[2025-06-04 05:35:31 +08:00Z] [INFO] - 当前连接的客户端: [] 
[2025-06-04 05:35:31 +08:00Z] [INFO] - 当前连接的客户端: [] 
[2025-06-04 05:35:31 +08:00Z] [INFO] - 当前连接的客户端: [] 
[2025-06-04 05:35:32 +08:00Z] [INFO] - 当前连接的客户端: [] 
[2025-06-04 05:35:33 +08:00Z] [INFO] - 当前连接的客户端: [] 
[2025-06-04 05:35:33 +08:00Z] [INFO] - 当前连接的客户端: [] 
[2025-06-04 05:35:34 +08:00Z] [INFO] - 当前连接的客户端: [] 
[2025-06-04 05:35:35 +08:00Z] [INFO] - 当前连接的客户端: [] 
[2025-06-04 05:35:35 +08:00Z] [INFO] - 当前连接的客户端: [] 
[2025-06-04 05:35:36 +08:00Z] [INFO] - 当前连接的客户端: [] 
[2025-06-04 05:35:36 +08:00Z] [INFO] - 当前连接的客户端: [] 
[2025-06-04 05:35:36 +08:00Z] [INFO] - 当前连接的客户端: [] 
[2025-06-04 05:35:36 +08:00Z] [INFO] - 当前连接的客户端: [] 
[2025-06-04 05:35:37 +08:00Z] [INFO] - 当前连接的客户端: [] 
[2025-06-04 05:35:38 +08:00Z] [INFO] - 当前连接的客户端: [] 
[2025-06-04 05:35:38 +08:00Z] [INFO] - 当前连接的客户端: [] 
[2025-06-04 05:35:39 +08:00Z] [INFO] - 当前连接的客户端: [] 
[2025-06-04 05:35:40 +08:00Z] [INFO] - 当前连接的客户端: [] 
[2025-06-04 05:35:40 +08:00Z] [INFO] - 当前连接的客户端: [] 
[2025-06-04 05:35:41 +08:00Z] [INFO] - 当前连接的客户端: [] 
[2025-06-04 05:35:41 +08:00Z] [INFO] - 当前连接的客户端: [] 
[2025-06-04 05:35:41 +08:00Z] [INFO] - 当前连接的客户端: [] 
[2025-06-04 05:35:41 +08:00Z] [INFO] - 当前连接的客户端: [] 
[2025-06-04 05:35:42 +08:00Z] [INFO] - 当前连接的客户端: [] 
[2025-06-04 05:35:43 +08:00Z] [INFO] - 当前连接的客户端: [] 
[2025-06-04 05:35:43 +08:00Z] [INFO] - 当前连接的客户端: [] 
[2025-06-04 05:35:44 +08:00Z] [INFO] - 当前连接的客户端: [] 
[2025-06-04 05:35:45 +08:00Z] [INFO] - 当前连接的客户端: [] 
[2025-06-04 05:35:45 +08:00Z] [INFO] - 当前连接的客户端: [] 
[2025-06-04 05:35:46 +08:00Z] [INFO] - 当前连接的客户端: [] 
[2025-06-04 05:35:46 +08:00Z] [INFO] - 当前连接的客户端: [] 
[2025-06-04 05:35:46 +08:00Z] [INFO] - 当前连接的客户端: [] 
[2025-06-04 05:35:46 +08:00Z] [INFO] - 当前连接的客户端: [] 
[2025-06-04 05:35:47 +08:00Z] [INFO] - 当前连接的客户端: [] 
[2025-06-04 05:35:48 +08:00Z] [INFO] - 当前连接的客户端: [] 
[2025-06-04 05:35:48 +08:00Z] [INFO] - 当前连接的客户端: [] 
[2025-06-04 05:35:49 +08:00Z] [INFO] - 当前连接的客户端: [] 
[2025-06-04 05:35:50 +08:00Z] [INFO] - 当前连接的客户端: [] 
[2025-06-04 05:35:50 +08:00Z] [INFO] - 当前连接的客户端: [] 
[2025-06-04 05:35:51 +08:00Z] [INFO] - 当前连接的客户端: [] 
[2025-06-04 05:35:51 +08:00Z] [INFO] - 当前连接的客户端: [] 
[2025-06-04 05:35:51 +08:00Z] [INFO] - 当前连接的客户端: [] 
[2025-06-04 05:35:51 +08:00Z] [INFO] - 当前连接的客户端: [] 
[2025-06-04 05:35:52 +08:00Z] [INFO] - 当前连接的客户端: [] 
[2025-06-04 05:35:53 +08:00Z] [INFO] - 当前连接的客户端: [] 
[2025-06-04 05:35:53 +08:00Z] [INFO] - 当前连接的客户端: [] 
[2025-06-04 05:35:55 +08:00Z] [INFO] - 当前连接的客户端: [] 
[2025-06-04 05:35:55 +08:00Z] [INFO] - 当前连接的客户端: [] 
[2025-06-04 05:35:55 +08:00Z] [INFO] - 当前连接的客户端: [] 
[2025-06-04 05:35:56 +08:00Z] [INFO] - 当前连接的客户端: [] 
[2025-06-04 05:35:56 +08:00Z] [INFO] - 当前连接的客户端: [] 
[2025-06-04 05:35:56 +08:00Z] [INFO] - 当前连接的客户端: [] 
[2025-06-04 05:35:56 +08:00Z] [INFO] - 当前连接的客户端: [] 
[2025-06-04 05:35:57 +08:00Z] [INFO] - 当前连接的客户端: [] 
[2025-06-04 05:35:58 +08:00Z] [INFO] - 当前连接的客户端: [] 
[2025-06-04 05:35:58 +08:00Z] [INFO] - 当前连接的客户端: [] 
[2025-06-04 05:36:00 +08:00Z] [INFO] - 当前连接的客户端: [] 
[2025-06-04 05:36:00 +08:00Z] [INFO] - 当前连接的客户端: [] 
[2025-06-04 05:36:00 +08:00Z] [INFO] - 当前连接的客户端: [] 
[2025-06-04 05:36:01 +08:00Z] [INFO] - 当前连接的客户端: [] 
[2025-06-04 05:36:01 +08:00Z] [INFO] - 当前连接的客户端: [] 
[2025-06-04 05:36:01 +08:00Z] [INFO] - 当前连接的客户端: [] 
[2025-06-04 05:36:01 +08:00Z] [INFO] - 当前连接的客户端: [] 
[2025-06-04 05:36:02 +08:00Z] [INFO] - 当前连接的客户端: [] 
[2025-06-04 05:36:03 +08:00Z] [INFO] - 当前连接的客户端: [] 
[2025-06-04 05:36:03 +08:00Z] [INFO] - 当前连接的客户端: [] 
[2025-06-04 05:36:05 +08:00Z] [INFO] - 当前连接的客户端: [] 
[2025-06-04 05:36:05 +08:00Z] [INFO] - 当前连接的客户端: [] 
[2025-06-04 05:36:05 +08:00Z] [INFO] - 当前连接的客户端: [] 
[2025-06-04 05:36:06 +08:00Z] [INFO] - 当前连接的客户端: [] 
[2025-06-04 05:36:06 +08:00Z] [INFO] - 当前连接的客户端: [] 
[2025-06-04 05:36:06 +08:00Z] [INFO] - 当前连接的客户端: [] 
[2025-06-04 05:36:06 +08:00Z] [INFO] - 当前连接的客户端: [] 
[2025-06-04 05:36:07 +08:00Z] [INFO] - 当前连接的客户端: [] 
[2025-06-04 05:36:08 +08:00Z] [INFO] - 当前连接的客户端: [] 
[2025-06-04 05:36:08 +08:00Z] [INFO] - 当前连接的客户端: [] 
[2025-06-04 05:36:10 +08:00Z] [INFO] - 当前连接的客户端: [] 
[2025-06-04 05:36:10 +08:00Z] [INFO] - 当前连接的客户端: [] 
[2025-06-04 05:36:10 +08:00Z] [INFO] - 当前连接的客户端: [] 
[2025-06-04 05:36:11 +08:00Z] [INFO] - 当前连接的客户端: [] 
[2025-06-04 05:36:11 +08:00Z] [INFO] - 当前连接的客户端: [] 
[2025-06-04 05:36:11 +08:00Z] [INFO] - 当前连接的客户端: [] 
[2025-06-04 05:36:11 +08:00Z] [INFO] - 当前连接的客户端: [] 
[2025-06-04 05:36:12 +08:00Z] [INFO] - 当前连接的客户端: [] 
[2025-06-04 05:36:13 +08:00Z] [INFO] - 当前连接的客户端: [] 
[2025-06-04 05:36:14 +08:00Z] [INFO] - 当前连接的客户端: [] 
[2025-06-04 05:36:15 +08:00Z] [INFO] - 当前连接的客户端: [] 
[2025-06-04 05:36:15 +08:00Z] [INFO] - 当前连接的客户端: [] 
[2025-06-04 05:36:15 +08:00Z] [INFO] - 当前连接的客户端: [] 
[2025-06-04 05:36:16 +08:00Z] [INFO] - 当前连接的客户端: [] 
[2025-06-04 05:36:16 +08:00Z] [INFO] - 当前连接的客户端: [] 
[2025-06-04 05:36:16 +08:00Z] [INFO] - 当前连接的客户端: [] 
[2025-06-04 05:36:16 +08:00Z] [INFO] - 当前连接的客户端: [] 
[2025-06-04 05:36:17 +08:00Z] [INFO] - 当前连接的客户端: [] 
[2025-06-04 05:36:18 +08:00Z] [INFO] - 当前连接的客户端: [] 
[2025-06-04 05:36:19 +08:00Z] [INFO] - 当前连接的客户端: [] 
[2025-06-04 05:36:20 +08:00Z] [INFO] - 当前连接的客户端: [] 
[2025-06-04 05:36:20 +08:00Z] [INFO] - 当前连接的客户端: [] 
[2025-06-04 05:36:20 +08:00Z] [INFO] - 当前连接的客户端: [] 
[2025-06-04 05:36:21 +08:00Z] [INFO] - 当前连接的客户端: [] 
[2025-06-04 05:36:21 +08:00Z] [INFO] - 当前连接的客户端: [] 
[2025-06-04 05:36:21 +08:00Z] [INFO] - 当前连接的客户端: [] 
[2025-06-04 05:36:21 +08:00Z] [INFO] - 当前连接的客户端: [] 
[2025-06-04 05:36:22 +08:00Z] [INFO] - 当前连接的客户端: [] 
[2025-06-04 05:36:23 +08:00Z] [INFO] - 当前连接的客户端: [] 
[2025-06-04 05:36:24 +08:00Z] [INFO] - 当前连接的客户端: [] 
[2025-06-04 05:36:25 +08:00Z] [INFO] - 当前连接的客户端: [] 
[2025-06-04 05:36:25 +08:00Z] [INFO] - 当前连接的客户端: [] 
[2025-06-04 05:36:26 +08:00Z] [INFO] - 当前连接的客户端: [] 
[2025-06-04 05:36:26 +08:00Z] [INFO] - 当前连接的客户端: [] 
[2025-06-04 05:36:26 +08:00Z] [INFO] - 当前连接的客户端: [] 
[2025-06-04 05:36:26 +08:00Z] [INFO] - 当前连接的客户端: [] 
[2025-06-04 05:36:26 +08:00Z] [INFO] - 当前连接的客户端: [] 
[2025-06-04 05:36:27 +08:00Z] [INFO] - 当前连接的客户端: [] 
[2025-06-04 05:36:28 +08:00Z] [INFO] - 当前连接的客户端: [] 
[2025-06-04 05:36:29 +08:00Z] [INFO] - 当前连接的客户端: [] 
[2025-06-04 05:36:30 +08:00Z] [INFO] - 当前连接的客户端: [] 
[2025-06-04 05:36:30 +08:00Z] [INFO] - 当前连接的客户端: [] 
[2025-06-04 05:36:31 +08:00Z] [INFO] - 当前连接的客户端: [] 
[2025-06-04 05:36:31 +08:00Z] [INFO] - 当前连接的客户端: [] 
[2025-06-04 05:36:31 +08:00Z] [INFO] - 当前连接的客户端: [] 
[2025-06-04 05:36:31 +08:00Z] [INFO] - 当前连接的客户端: [] 
[2025-06-04 05:36:31 +08:00Z] [INFO] - 当前连接的客户端: [] 
[2025-06-04 05:36:32 +08:00Z] [INFO] - 当前连接的客户端: [] 
[2025-06-04 05:36:33 +08:00Z] [INFO] - 当前连接的客户端: [] 
[2025-06-04 05:36:34 +08:00Z] [INFO] - 当前连接的客户端: [] 
[2025-06-04 05:36:35 +08:00Z] [INFO] - 当前连接的客户端: [] 
[2025-06-04 05:36:35 +08:00Z] [INFO] - 当前连接的客户端: [] 
[2025-06-04 05:36:36 +08:00Z] [INFO] - 当前连接的客户端: [] 
[2025-06-04 05:36:36 +08:00Z] [INFO] - 当前连接的客户端: [] 
[2025-06-04 05:36:36 +08:00Z] [INFO] - 当前连接的客户端: [] 
[2025-06-04 05:36:36 +08:00Z] [INFO] - 当前连接的客户端: [] 
[2025-06-04 05:36:36 +08:00Z] [INFO] - 当前连接的客户端: [] 
[2025-06-04 05:36:37 +08:00Z] [INFO] - 当前连接的客户端: [] 
[2025-06-04 05:36:38 +08:00Z] [INFO] - 当前连接的客户端: [] 
[2025-06-04 05:36:39 +08:00Z] [INFO] - 当前连接的客户端: [] 
[2025-06-04 05:36:40 +08:00Z] [INFO] - 当前连接的客户端: [] 
[2025-06-04 05:36:40 +08:00Z] [INFO] - 当前连接的客户端: [] 
[2025-06-04 05:36:41 +08:00Z] [INFO] - 当前连接的客户端: [] 
[2025-06-04 05:36:41 +08:00Z] [INFO] - 当前连接的客户端: [] 
[2025-06-04 05:36:41 +08:00Z] [INFO] - 当前连接的客户端: [] 
[2025-06-04 05:36:41 +08:00Z] [INFO] - 当前连接的客户端: [] 
[2025-06-04 05:36:41 +08:00Z] [INFO] - 当前连接的客户端: [] 
[2025-06-04 05:36:42 +08:00Z] [INFO] - 当前连接的客户端: [] 
[2025-06-04 05:36:43 +08:00Z] [INFO] - 当前连接的客户端: [] 
[2025-06-04 05:36:44 +08:00Z] [INFO] - 当前连接的客户端: [] 
[2025-06-04 05:36:45 +08:00Z] [INFO] - 当前连接的客户端: [] 
[2025-06-04 05:36:45 +08:00Z] [INFO] - 当前连接的客户端: [] 
[2025-06-04 05:36:46 +08:00Z] [INFO] - 当前连接的客户端: [] 
[2025-06-04 05:36:46 +08:00Z] [INFO] - 当前连接的客户端: [] 
[2025-06-04 05:36:46 +08:00Z] [INFO] - 当前连接的客户端: [] 
[2025-06-04 05:36:46 +08:00Z] [INFO] - 当前连接的客户端: [] 
[2025-06-04 05:36:46 +08:00Z] [INFO] - 当前连接的客户端: [] 
[2025-06-04 05:36:47 +08:00Z] [INFO] - 当前连接的客户端: [] 
[2025-06-04 05:36:48 +08:00Z] [INFO] - 当前连接的客户端: [] 
[2025-06-04 05:36:49 +08:00Z] [INFO] - 当前连接的客户端: [] 
[2025-06-04 05:36:50 +08:00Z] [INFO] - 当前连接的客户端: [] 
[2025-06-04 05:36:50 +08:00Z] [INFO] - 当前连接的客户端: [] 
[2025-06-04 05:36:51 +08:00Z] [INFO] - 当前连接的客户端: [] 
[2025-06-04 05:36:51 +08:00Z] [INFO] - 当前连接的客户端: [] 
[2025-06-04 05:36:51 +08:00Z] [INFO] - 当前连接的客户端: [] 
[2025-06-04 05:36:51 +08:00Z] [INFO] - 当前连接的客户端: [] 
[2025-06-04 05:36:51 +08:00Z] [INFO] - 当前连接的客户端: [] 
[2025-06-04 05:36:52 +08:00Z] [INFO] - 当前连接的客户端: [] 
[2025-06-04 05:36:53 +08:00Z] [INFO] - 当前连接的客户端: [] 
[2025-06-04 05:36:54 +08:00Z] [INFO] - 当前连接的客户端: [] 
[2025-06-04 05:36:55 +08:00Z] [INFO] - 当前连接的客户端: [] 
[2025-06-04 05:36:55 +08:00Z] [INFO] - 当前连接的客户端: [] 
[2025-06-04 05:36:56 +08:00Z] [INFO] - 当前连接的客户端: [] 
[2025-06-04 05:36:56 +08:00Z] [INFO] - 当前连接的客户端: [] 
[2025-06-04 05:36:56 +08:00Z] [INFO] - 当前连接的客户端: [] 
[2025-06-04 05:36:56 +08:00Z] [INFO] - 当前连接的客户端: [] 
[2025-06-04 05:36:56 +08:00Z] [INFO] - 当前连接的客户端: [] 
[2025-06-04 05:36:57 +08:00Z] [INFO] - 当前连接的客户端: [] 
[2025-06-04 05:36:58 +08:00Z] [INFO] - 当前连接的客户端: [] 
[2025-06-04 05:36:59 +08:00Z] [INFO] - 当前连接的客户端: [] 
[2025-06-04 05:37:00 +08:00Z] [INFO] - 当前连接的客户端: [] 
[2025-06-04 05:37:00 +08:00Z] [INFO] - 当前连接的客户端: [] 
[2025-06-04 05:37:01 +08:00Z] [INFO] - 当前连接的客户端: [] 
[2025-06-04 05:37:01 +08:00Z] [INFO] - 当前连接的客户端: [] 
[2025-06-04 05:37:01 +08:00Z] [INFO] - 当前连接的客户端: [] 
[2025-06-04 05:37:01 +08:00Z] [INFO] - 当前连接的客户端: [] 
[2025-06-04 05:37:01 +08:00Z] [INFO] - 当前连接的客户端: [] 
[2025-06-04 05:37:02 +08:00Z] [INFO] - 当前连接的客户端: [] 
[2025-06-04 05:37:03 +08:00Z] [INFO] - 当前连接的客户端: [] 
[2025-06-04 05:37:04 +08:00Z] [INFO] - 当前连接的客户端: [] 
[2025-06-04 05:37:05 +08:00Z] [INFO] - 当前连接的客户端: [] 
[2025-06-04 05:37:05 +08:00Z] [INFO] - 当前连接的客户端: [] 
[2025-06-04 05:37:06 +08:00Z] [INFO] - 当前连接的客户端: [] 
[2025-06-04 05:37:06 +08:00Z] [INFO] - 当前连接的客户端: [] 
[2025-06-04 05:37:06 +08:00Z] [INFO] - 当前连接的客户端: [] 
[2025-06-04 05:37:06 +08:00Z] [INFO] - 当前连接的客户端: [] 
[2025-06-04 05:37:06 +08:00Z] [INFO] - 当前连接的客户端: [] 
[2025-06-04 05:37:07 +08:00Z] [INFO] - 当前连接的客户端: [] 
[2025-06-04 05:37:08 +08:00Z] [INFO] - 当前连接的客户端: [] 
[2025-06-04 05:37:09 +08:00Z] [INFO] - 当前连接的客户端: [] 
[2025-06-04 05:37:10 +08:00Z] [INFO] - 当前连接的客户端: [] 
[2025-06-04 05:37:10 +08:00Z] [INFO] - 当前连接的客户端: [] 
[2025-06-04 05:37:11 +08:00Z] [INFO] - 当前连接的客户端: [] 
[2025-06-04 05:37:11 +08:00Z] [INFO] - 当前连接的客户端: [] 
[2025-06-04 05:37:11 +08:00Z] [INFO] - 当前连接的客户端: [] 
[2025-06-04 05:37:11 +08:00Z] [INFO] - 当前连接的客户端: [] 
[2025-06-04 05:37:11 +08:00Z] [INFO] - 当前连接的客户端: [] 
[2025-06-04 05:37:12 +08:00Z] [INFO] - 当前连接的客户端: [] 
[2025-06-04 05:37:13 +08:00Z] [INFO] - 当前连接的客户端: [] 
[2025-06-04 05:37:14 +08:00Z] [INFO] - 当前连接的客户端: [] 
[2025-06-04 05:37:15 +08:00Z] [INFO] - 当前连接的客户端: [] 
[2025-06-04 05:37:15 +08:00Z] [INFO] - 当前连接的客户端: [] 
[2025-06-04 05:37:16 +08:00Z] [INFO] - 当前连接的客户端: [] 
[2025-06-04 05:37:16 +08:00Z] [INFO] - 当前连接的客户端: [] 
[2025-06-04 05:37:16 +08:00Z] [INFO] - 当前连接的客户端: [] 
[2025-06-04 05:37:16 +08:00Z] [INFO] - 当前连接的客户端: [] 
[2025-06-04 05:37:16 +08:00Z] [INFO] - 当前连接的客户端: [] 
[2025-06-04 05:37:17 +08:00Z] [INFO] - 当前连接的客户端: [] 
[2025-06-04 05:37:18 +08:00Z] [INFO] - 当前连接的客户端: [] 
[2025-06-04 05:37:19 +08:00Z] [INFO] - 当前连接的客户端: [] 
[2025-06-04 05:37:20 +08:00Z] [INFO] - 当前连接的客户端: [] 
[2025-06-04 05:37:20 +08:00Z] [INFO] - 当前连接的客户端: [] 
[2025-06-04 05:37:21 +08:00Z] [INFO] - 当前连接的客户端: [] 
[2025-06-04 05:37:21 +08:00Z] [INFO] - 当前连接的客户端: [] 
[2025-06-04 05:37:21 +08:00Z] [INFO] - 当前连接的客户端: [] 
[2025-06-04 05:37:21 +08:00Z] [INFO] - 当前连接的客户端: [] 
[2025-06-04 05:37:21 +08:00Z] [INFO] - 当前连接的客户端: [] 
[2025-06-04 05:37:22 +08:00Z] [INFO] - 当前连接的客户端: [] 
[2025-06-04 05:37:23 +08:00Z] [INFO] - 当前连接的客户端: [] 
[2025-06-04 05:37:24 +08:00Z] [INFO] - 当前连接的客户端: [] 
[2025-06-04 05:37:25 +08:00Z] [INFO] - 当前连接的客户端: [] 
[2025-06-04 05:37:25 +08:00Z] [INFO] - 当前连接的客户端: [] 
[2025-06-04 05:37:26 +08:00Z] [INFO] - 当前连接的客户端: [] 
[2025-06-04 05:37:26 +08:00Z] [INFO] - 当前连接的客户端: [] 
[2025-06-04 05:37:26 +08:00Z] [INFO] - 当前连接的客户端: [] 
[2025-06-04 05:37:26 +08:00Z] [INFO] - 当前连接的客户端: [] 
[2025-06-04 05:37:26 +08:00Z] [INFO] - 当前连接的客户端: [] 
[2025-06-04 05:37:27 +08:00Z] [INFO] - 当前连接的客户端: [] 
[2025-06-04 05:37:28 +08:00Z] [INFO] - 当前连接的客户端: [] 
[2025-06-04 05:37:29 +08:00Z] [INFO] - 当前连接的客户端: [] 
[2025-06-04 05:37:30 +08:00Z] [INFO] - 当前连接的客户端: [] 
[2025-06-04 05:37:30 +08:00Z] [INFO] - 当前连接的客户端: [] 
[2025-06-04 05:37:31 +08:00Z] [INFO] - 当前连接的客户端: [] 
[2025-06-04 05:37:31 +08:00Z] [INFO] - 当前连接的客户端: [] 
[2025-06-04 05:37:31 +08:00Z] [INFO] - 当前连接的客户端: [] 
[2025-06-04 05:37:31 +08:00Z] [INFO] - 当前连接的客户端: [] 
[2025-06-04 05:37:31 +08:00Z] [INFO] - 当前连接的客户端: [] 
[2025-06-04 05:37:32 +08:00Z] [INFO] - 当前连接的客户端: [] 
[2025-06-04 05:37:33 +08:00Z] [INFO] - 当前连接的客户端: [] 
[2025-06-04 05:37:34 +08:00Z] [INFO] - 当前连接的客户端: [] 
[2025-06-04 05:37:35 +08:00Z] [INFO] - 当前连接的客户端: [] 
[2025-06-04 05:37:35 +08:00Z] [INFO] - 当前连接的客户端: [] 
[2025-06-04 05:37:36 +08:00Z] [INFO] - 当前连接的客户端: [] 
[2025-06-04 05:37:36 +08:00Z] [INFO] - 当前连接的客户端: [] 
[2025-06-04 05:37:36 +08:00Z] [INFO] - 当前连接的客户端: [] 
[2025-06-04 05:37:36 +08:00Z] [INFO] - 当前连接的客户端: [] 
[2025-06-04 05:37:36 +08:00Z] [INFO] - 当前连接的客户端: [] 
[2025-06-04 05:37:37 +08:00Z] [INFO] - 当前连接的客户端: [] 
[2025-06-04 05:37:38 +08:00Z] [INFO] - 当前连接的客户端: [] 
[2025-06-04 05:37:39 +08:00Z] [INFO] - 当前连接的客户端: [] 
[2025-06-04 05:37:40 +08:00Z] [INFO] - 当前连接的客户端: [] 
[2025-06-04 05:37:40 +08:00Z] [INFO] - 当前连接的客户端: [] 
[2025-06-04 05:37:41 +08:00Z] [INFO] - 当前连接的客户端: [] 
[2025-06-04 05:37:41 +08:00Z] [INFO] - 当前连接的客户端: [] 
[2025-06-04 05:37:41 +08:00Z] [INFO] - 当前连接的客户端: [] 
[2025-06-04 05:37:41 +08:00Z] [INFO] - 当前连接的客户端: [] 
[2025-06-04 05:37:41 +08:00Z] [INFO] - 当前连接的客户端: [] 
[2025-06-04 05:37:42 +08:00Z] [INFO] - 当前连接的客户端: [] 
[2025-06-04 05:37:43 +08:00Z] [INFO] - 当前连接的客户端: [] 
[2025-06-04 05:37:44 +08:00Z] [INFO] - 当前连接的客户端: [] 
[2025-06-04 05:37:45 +08:00Z] [INFO] - 当前连接的客户端: [] 
[2025-06-04 05:37:45 +08:00Z] [INFO] - 当前连接的客户端: [] 
[2025-06-04 05:37:46 +08:00Z] [INFO] - 当前连接的客户端: [] 
[2025-06-04 05:37:46 +08:00Z] [INFO] - 当前连接的客户端: [] 
[2025-06-04 05:37:46 +08:00Z] [INFO] - 当前连接的客户端: [] 
[2025-06-04 05:37:46 +08:00Z] [INFO] - 当前连接的客户端: [] 
[2025-06-04 05:37:46 +08:00Z] [INFO] - 当前连接的客户端: [] 
[2025-06-04 05:37:47 +08:00Z] [INFO] - 当前连接的客户端: [] 
[2025-06-04 05:37:48 +08:00Z] [INFO] - 当前连接的客户端: [] 
[2025-06-04 05:37:49 +08:00Z] [INFO] - 当前连接的客户端: [] 
[2025-06-04 05:37:50 +08:00Z] [INFO] - 当前连接的客户端: [] 
[2025-06-04 05:37:50 +08:00Z] [INFO] - 当前连接的客户端: [] 
[2025-06-04 05:37:51 +08:00Z] [INFO] - 当前连接的客户端: [] 
[2025-06-04 05:37:51 +08:00Z] [INFO] - 当前连接的客户端: [] 
[2025-06-04 05:37:51 +08:00Z] [INFO] - 当前连接的客户端: [] 
[2025-06-04 05:37:51 +08:00Z] [INFO] - 当前连接的客户端: [] 
[2025-06-04 05:37:51 +08:00Z] [INFO] - 当前连接的客户端: [] 
[2025-06-04 05:37:52 +08:00Z] [INFO] - 当前连接的客户端: [] 
[2025-06-04 05:37:53 +08:00Z] [INFO] - 当前连接的客户端: [] 
[2025-06-04 05:37:54 +08:00Z] [INFO] - 当前连接的客户端: [] 
[2025-06-04 05:37:55 +08:00Z] [INFO] - 当前连接的客户端: [] 
[2025-06-04 05:37:55 +08:00Z] [INFO] - 当前连接的客户端: [] 
[2025-06-04 05:37:56 +08:00Z] [INFO] - 当前连接的客户端: [] 
[2025-06-04 05:37:56 +08:00Z] [INFO] - 当前连接的客户端: [] 
[2025-06-04 05:37:56 +08:00Z] [INFO] - 当前连接的客户端: [] 
[2025-06-04 05:37:56 +08:00Z] [INFO] - 当前连接的客户端: [] 
[2025-06-04 05:37:56 +08:00Z] [INFO] - 当前连接的客户端: [] 
[2025-06-04 05:37:57 +08:00Z] [INFO] - 当前连接的客户端: [] 
[2025-06-04 05:37:58 +08:00Z] [INFO] - 当前连接的客户端: [] 
[2025-06-04 05:37:59 +08:00Z] [INFO] - 当前连接的客户端: [] 
[2025-06-04 05:38:00 +08:00Z] [INFO] - 当前连接的客户端: [] 
[2025-06-04 05:38:00 +08:00Z] [INFO] - 当前连接的客户端: [] 
[2025-06-04 05:38:01 +08:00Z] [INFO] - 当前连接的客户端: [] 
[2025-06-04 05:38:01 +08:00Z] [INFO] - 当前连接的客户端: [] 
[2025-06-04 05:38:01 +08:00Z] [INFO] - 当前连接的客户端: [] 
[2025-06-04 05:38:01 +08:00Z] [INFO] - 当前连接的客户端: [] 
[2025-06-04 05:38:01 +08:00Z] [INFO] - 当前连接的客户端: [] 
[2025-06-04 05:38:02 +08:00Z] [INFO] - 当前连接的客户端: [] 
[2025-06-04 05:38:03 +08:00Z] [INFO] - 当前连接的客户端: [] 
[2025-06-04 05:38:04 +08:00Z] [INFO] - 当前连接的客户端: [] 
[2025-06-04 05:38:05 +08:00Z] [INFO] - 当前连接的客户端: [] 
[2025-06-04 05:38:05 +08:00Z] [INFO] - 当前连接的客户端: [] 
[2025-06-04 05:38:06 +08:00Z] [INFO] - 当前连接的客户端: [] 
[2025-06-04 05:38:06 +08:00Z] [INFO] - 当前连接的客户端: [] 
[2025-06-04 05:38:06 +08:00Z] [INFO] - 当前连接的客户端: [] 
[2025-06-04 05:38:06 +08:00Z] [INFO] - 当前连接的客户端: [] 
[2025-06-04 05:38:06 +08:00Z] [INFO] - 当前连接的客户端: [] 
[2025-06-04 05:38:07 +08:00Z] [INFO] - 当前连接的客户端: [] 
[2025-06-04 05:38:08 +08:00Z] [INFO] - 当前连接的客户端: [] 
[2025-06-04 05:38:09 +08:00Z] [INFO] - 当前连接的客户端: [] 
[2025-06-04 05:38:10 +08:00Z] [INFO] - 当前连接的客户端: [] 
[2025-06-04 05:38:10 +08:00Z] [INFO] - 当前连接的客户端: [] 
[2025-06-04 05:38:11 +08:00Z] [INFO] - 当前连接的客户端: [] 
[2025-06-04 05:38:11 +08:00Z] [INFO] - 当前连接的客户端: [] 
[2025-06-04 05:38:11 +08:00Z] [INFO] - 当前连接的客户端: [] 
[2025-06-04 05:38:11 +08:00Z] [INFO] - 当前连接的客户端: [] 
[2025-06-04 05:38:11 +08:00Z] [INFO] - 当前连接的客户端: [] 
[2025-06-04 05:38:12 +08:00Z] [INFO] - 当前连接的客户端: [] 
[2025-06-04 05:38:13 +08:00Z] [INFO] - 当前连接的客户端: [] 
[2025-06-04 05:38:14 +08:00Z] [INFO] - 当前连接的客户端: [] 
[2025-06-04 05:38:15 +08:00Z] [INFO] - 当前连接的客户端: [] 
[2025-06-04 05:38:15 +08:00Z] [INFO] - 当前连接的客户端: [] 
[2025-06-04 05:38:16 +08:00Z] [INFO] - 当前连接的客户端: [] 
[2025-06-04 05:38:16 +08:00Z] [INFO] - 当前连接的客户端: [] 
[2025-06-04 05:38:16 +08:00Z] [INFO] - 当前连接的客户端: [] 
[2025-06-04 05:38:16 +08:00Z] [INFO] - 当前连接的客户端: [] 
[2025-06-04 05:38:17 +08:00Z] [INFO] - 当前连接的客户端: [] 
[2025-06-04 05:38:17 +08:00Z] [INFO] - 当前连接的客户端: [] 
[2025-06-04 05:38:18 +08:00Z] [INFO] - 当前连接的客户端: [] 
[2025-06-04 05:38:19 +08:00Z] [INFO] - 当前连接的客户端: [] 
[2025-06-04 05:38:20 +08:00Z] [INFO] - 当前连接的客户端: [] 
[2025-06-04 05:38:20 +08:00Z] [INFO] - 当前连接的客户端: [] 
[2025-06-04 05:38:21 +08:00Z] [INFO] - 当前连接的客户端: [] 
[2025-06-04 05:38:21 +08:00Z] [INFO] - 当前连接的客户端: [] 
[2025-06-04 05:38:21 +08:00Z] [INFO] - 当前连接的客户端: [] 
[2025-06-04 05:38:21 +08:00Z] [INFO] - 当前连接的客户端: [] 
[2025-06-04 05:38:22 +08:00Z] [INFO] - 当前连接的客户端: [] 
[2025-06-04 05:38:22 +08:00Z] [INFO] - 当前连接的客户端: [] 
[2025-06-04 05:38:23 +08:00Z] [INFO] - 当前连接的客户端: [] 
[2025-06-04 05:38:24 +08:00Z] [INFO] - 当前连接的客户端: [] 
[2025-06-04 05:38:25 +08:00Z] [INFO] - 当前连接的客户端: [] 
[2025-06-04 05:38:25 +08:00Z] [INFO] - 当前连接的客户端: [] 
[2025-06-04 05:38:26 +08:00Z] [INFO] - 当前连接的客户端: [] 
[2025-06-04 05:38:26 +08:00Z] [INFO] - 当前连接的客户端: [] 
[2025-06-04 05:38:26 +08:00Z] [INFO] - 当前连接的客户端: [] 
[2025-06-04 05:38:26 +08:00Z] [INFO] - 当前连接的客户端: [] 
[2025-06-04 05:38:27 +08:00Z] [INFO] - 当前连接的客户端: [] 
[2025-06-04 05:38:27 +08:00Z] [INFO] - 当前连接的客户端: [] 
[2025-06-04 05:38:28 +08:00Z] [INFO] - 当前连接的客户端: [] 
[2025-06-04 05:38:29 +08:00Z] [INFO] - 当前连接的客户端: [] 
[2025-06-04 05:38:30 +08:00Z] [INFO] - 当前连接的客户端: [] 
[2025-06-04 05:38:30 +08:00Z] [INFO] - 当前连接的客户端: [] 
[2025-06-04 05:38:31 +08:00Z] [INFO] - 当前连接的客户端: [] 
[2025-06-04 05:38:31 +08:00Z] [INFO] - 当前连接的客户端: [] 
[2025-06-04 05:38:31 +08:00Z] [INFO] - 当前连接的客户端: [] 
[2025-06-04 05:38:31 +08:00Z] [INFO] - 当前连接的客户端: [] 
[2025-06-04 05:38:32 +08:00Z] [INFO] - 当前连接的客户端: [] 
[2025-06-04 05:38:32 +08:00Z] [INFO] - 当前连接的客户端: [] 
[2025-06-04 05:38:33 +08:00Z] [INFO] - 当前连接的客户端: [] 
[2025-06-04 05:38:34 +08:00Z] [INFO] - 当前连接的客户端: [] 
[2025-06-04 05:38:35 +08:00Z] [INFO] - 当前连接的客户端: [] 
[2025-06-04 05:38:35 +08:00Z] [INFO] - 当前连接的客户端: [] 
[2025-06-04 05:38:36 +08:00Z] [INFO] - 当前连接的客户端: [] 
[2025-06-04 05:38:36 +08:00Z] [INFO] - 当前连接的客户端: [] 
[2025-06-04 05:38:36 +08:00Z] [INFO] - 当前连接的客户端: [] 
[2025-06-04 05:38:36 +08:00Z] [INFO] - 当前连接的客户端: [] 
[2025-06-04 05:38:37 +08:00Z] [INFO] - 当前连接的客户端: [] 
[2025-06-04 05:38:37 +08:00Z] [INFO] - 当前连接的客户端: [] 
[2025-06-04 05:38:38 +08:00Z] [INFO] - 当前连接的客户端: [] 
[2025-06-04 05:38:39 +08:00Z] [INFO] - 当前连接的客户端: [] 
[2025-06-04 05:38:40 +08:00Z] [INFO] - 当前连接的客户端: [] 
[2025-06-04 05:38:40 +08:00Z] [INFO] - 当前连接的客户端: [] 
[2025-06-04 05:38:41 +08:00Z] [INFO] - 当前连接的客户端: [] 
[2025-06-04 05:38:41 +08:00Z] [INFO] - 当前连接的客户端: [] 
[2025-06-04 05:38:42 +08:00Z] [INFO] - 当前连接的客户端: [] 
[2025-06-04 05:38:42 +08:00Z] [INFO] - 当前连接的客户端: [] 
[2025-06-04 05:38:42 +08:00Z] [INFO] - 当前连接的客户端: [] 
[2025-06-04 05:38:42 +08:00Z] [INFO] - 当前连接的客户端: [] 
[2025-06-04 05:38:43 +08:00Z] [INFO] - 当前连接的客户端: [] 
[2025-06-04 05:38:44 +08:00Z] [INFO] - 当前连接的客户端: [] 
[2025-06-04 05:38:45 +08:00Z] [INFO] - 当前连接的客户端: [] 
[2025-06-04 05:38:45 +08:00Z] [INFO] - 当前连接的客户端: [] 
[2025-06-04 05:38:46 +08:00Z] [INFO] - 当前连接的客户端: [] 
[2025-06-04 05:38:46 +08:00Z] [INFO] - 当前连接的客户端: [] 
[2025-06-04 05:38:47 +08:00Z] [INFO] - 当前连接的客户端: [] 
[2025-06-04 05:38:47 +08:00Z] [INFO] - 当前连接的客户端: [] 
[2025-06-04 05:38:47 +08:00Z] [INFO] - 当前连接的客户端: [] 
[2025-06-04 05:38:48 +08:00Z] [INFO] - 当前连接的客户端: [] 
[2025-06-04 05:38:48 +08:00Z] [INFO] - 当前连接的客户端: [] 
[2025-06-04 05:38:49 +08:00Z] [INFO] - 当前连接的客户端: [] 
[2025-06-04 05:38:50 +08:00Z] [INFO] - 当前连接的客户端: [] 
[2025-06-04 05:38:50 +08:00Z] [INFO] - 当前连接的客户端: [] 
[2025-06-04 05:38:51 +08:00Z] [INFO] - 当前连接的客户端: [] 
[2025-06-04 05:38:51 +08:00Z] [INFO] - 当前连接的客户端: [] 
[2025-06-04 05:38:52 +08:00Z] [INFO] - 当前连接的客户端: [] 
[2025-06-04 05:38:52 +08:00Z] [INFO] - 当前连接的客户端: [] 
[2025-06-04 05:38:52 +08:00Z] [INFO] - 当前连接的客户端: [] 
[2025-06-04 05:38:53 +08:00Z] [INFO] - 当前连接的客户端: [] 
[2025-06-04 05:38:53 +08:00Z] [INFO] - 当前连接的客户端: [] 
[2025-06-04 05:38:54 +08:00Z] [INFO] - 当前连接的客户端: [] 
[2025-06-04 05:38:55 +08:00Z] [INFO] - 当前连接的客户端: [] 
[2025-06-04 05:38:56 +08:00Z] [INFO] - 当前连接的客户端: [] 
[2025-06-04 05:38:56 +08:00Z] [INFO] - 当前连接的客户端: [] 
[2025-06-04 05:38:57 +08:00Z] [INFO] - 当前连接的客户端: [] 
[2025-06-04 05:38:57 +08:00Z] [INFO] - 当前连接的客户端: [] 
[2025-06-04 05:38:57 +08:00Z] [INFO] - 当前连接的客户端: [] 
[2025-06-04 05:38:57 +08:00Z] [INFO] - 当前连接的客户端: [] 
[2025-06-04 05:38:58 +08:00Z] [INFO] - 当前连接的客户端: [] 
[2025-06-04 05:38:58 +08:00Z] [INFO] - 当前连接的客户端: [] 
[2025-06-04 05:38:59 +08:00Z] [INFO] - 当前连接的客户端: [] 
[2025-06-04 05:39:00 +08:00Z] [INFO] - 当前连接的客户端: [] 
[2025-06-04 05:39:01 +08:00Z] [INFO] - 当前连接的客户端: [] 
[2025-06-04 05:39:01 +08:00Z] [INFO] - 当前连接的客户端: [] 
[2025-06-04 05:39:02 +08:00Z] [INFO] - 当前连接的客户端: [] 
[2025-06-04 05:39:02 +08:00Z] [INFO] - 当前连接的客户端: [] 
[2025-06-04 05:39:02 +08:00Z] [INFO] - 当前连接的客户端: [] 
[2025-06-04 05:39:02 +08:00Z] [INFO] - 当前连接的客户端: [] 
[2025-06-04 05:39:03 +08:00Z] [INFO] - 当前连接的客户端: [] 
[2025-06-04 05:39:03 +08:00Z] [INFO] - 当前连接的客户端: [] 
[2025-06-04 05:39:04 +08:00Z] [INFO] - 当前连接的客户端: [] 
[2025-06-04 05:39:05 +08:00Z] [INFO] - 当前连接的客户端: [] 
[2025-06-04 05:39:06 +08:00Z] [INFO] - 当前连接的客户端: [] 
[2025-06-04 05:39:06 +08:00Z] [INFO] - SQL (direct): SELECT * FROM users WHERE userid='1'&&password='c4ca4238a0b923820dcc509a6f75849b' 
[2025-06-04 05:39:06 +08:00Z] [DEBUG] - [status] 200 [msg] 登录成功 
[2025-06-04 05:39:06 +08:00Z] [INFO] - 当前连接的客户端: [] 
[2025-06-04 05:39:06 +08:00Z] [INFO] - SQL (direct): SELECT * FROM files WHERE OWNER ='1' AND ISNULL(fileownerfolderid) AND state='1 ORDER BY filetype' 
[2025-06-04 05:39:06 +08:00Z] [INFO] - SQL (direct): SELECT * FROM folders WHERE OWNER ='1' AND state=1 AND ISNULL(parentfolderid) 
[2025-06-04 05:39:06 +08:00Z] [DEBUG] - [status] 200 [msg] 查找成功 
[2025-06-04 05:39:07 +08:00Z] [INFO] - 当前连接的客户端: [] 
[2025-06-04 05:39:07 +08:00Z] [INFO] - 当前连接的客户端: [] 
[2025-06-04 05:39:07 +08:00Z] [INFO] - 当前连接的客户端: [] 
[2025-06-04 05:39:07 +08:00Z] [INFO] - 当前连接的客户端: [] 
[2025-06-04 05:39:08 +08:00Z] [INFO] - 当前连接的客户端: [] 
[2025-06-04 05:39:08 +08:00Z] [INFO] - 当前连接的客户端: [] 
[2025-06-04 05:39:09 +08:00Z] [DEBUG] - [status] 500 [msg] 参数缺失 
[2025-06-04 05:39:09 +08:00Z] [INFO] - 当前连接的客户端: [] 
[2025-06-04 05:39:10 +08:00Z] [INFO] - SQL (direct): SELECT * FROM files WHERE fileid='gq-cpDNPIhUanbwtnyBG9' 
[2025-06-04 05:39:10 +08:00Z] [DEBUG] - [status] 200 [msg] 文件查找成功 
[2025-06-04 05:39:10 +08:00Z] [INFO] - 当前连接的客户端: [] 
[2025-06-04 05:39:11 +08:00Z] [INFO] - 当前连接的客户端: [] 
[2025-06-04 05:39:11 +08:00Z] [INFO] - 当前连接的客户端: [] 
[2025-06-04 05:39:12 +08:00Z] [INFO] - 当前连接的客户端: [] 
[2025-06-04 05:39:12 +08:00Z] [INFO] - 当前连接的客户端: [] 
[2025-06-04 05:39:12 +08:00Z] [INFO] - 当前连接的客户端: [] 
[2025-06-04 05:39:12 +08:00Z] [INFO] - 当前连接的客户端: [] 
[2025-06-04 05:39:13 +08:00Z] [INFO] - 当前连接的客户端: [] 
[2025-06-04 05:39:13 +08:00Z] [INFO] - 当前连接的客户端: [] 
[2025-06-04 05:39:14 +08:00Z] [INFO] - 当前连接的客户端: [] 
[2025-06-04 05:39:15 +08:00Z] [INFO] - 当前连接的客户端: [] 
[2025-06-04 05:39:16 +08:00Z] [INFO] - 当前连接的客户端: [] 
[2025-06-04 05:39:16 +08:00Z] [INFO] - 当前连接的客户端: [] 
[2025-06-04 05:39:17 +08:00Z] [INFO] - 当前连接的客户端: [] 
[2025-06-04 05:39:17 +08:00Z] [INFO] - 当前连接的客户端: [] 
[2025-06-04 05:39:17 +08:00Z] [INFO] - 当前连接的客户端: [] 
[2025-06-04 05:39:17 +08:00Z] [INFO] - 当前连接的客户端: [] 
